
          -------------------------------------------------------
          Amber 16 PMEMD                              2016
          -------------------------------------------------------

| PMEMD implementation of SANDER, Release 16

| Run on 11/17/2020 at 15:53:53

|   Executable path: pmemd.cuda.MPI
| Working directory: /zfshomes/hpc175/comp260_Project/Hexanoic/DYN
|          Hostname: n78

  [-O]verwriting output

File Assignments:
|   MDIN: Hexanoic_wat_heat.in                                                  
|  MDOUT: Hexanoic_wat_heat.out                                                 
| INPCRD: Hexanoic_wat_emin6.rst                                                
|   PARM: Hexanoic_wat.prmtop                                                   
| RESTRT: Hexanoic_wat_heat.rst                                                 
|   REFC: Hexanoic_wat_emin6.rst                                                
|  MDVEL: mdvel                                                                 
|   MDEN: mden                                                                  
|  MDCRD: Hexanoic_wat_heat.mdcrd                                               
| MDINFO: mdinfo                                                                
|LOGFILE: logfile                                                               
|  MDFRC: mdfrc                                                                 


 Here is the input file:

PROJECT: Hexanoic_wat: 20ps heating with restraint on molecule                 
 &cntrl                                                                        
   imin     =0,                                                                
   irest    =0,                                                                
   ntx      =1,                                                                
   ntb      =1,                                                                
   cut      =10,                                                               
   ntr      =1,                                                                
   ntc      =2,                                                                
   tempi    =0.0,                                                              
   temp0    =300.0,                                                            
   ntt      =3,                                                                
   gamma_ln =1.0,                                                              
   nstlim   =10000,                                                            
   dt       =0.002,                                                            
   ntpr     =1000,                                                             
   ntwx     =1000,                                                             
   ntwr     =10000,                                                            
   restraint_wt  =10.0,                                                        
   restraintmask =':1',                                                        
 &end                                                                          
END                                                                            


Note: ig = -1. Setting random seed to   598278 based on wallclock time in
      microseconds and disabling the synchronization of random numbers 
      between tasks to improve performance.
 
|--------------------- INFORMATION ----------------------
| GPU (CUDA) Version of PMEMD in use: NVIDIA GPU IN USE.
|                    Version 16.0.0
| 
|                      02/25/2016
| 
| Implementation by:
|                    Ross C. Walker     (SDSC)
|                    Scott Le Grand     (nVIDIA)
| 
| Precision model in use:
|      [SPFP] - Single Precision Forces, 64-bit Fixed Point
|               Accumulation. (Default)
| 
|--------------------------------------------------------
 
|----------------- CITATION INFORMATION -----------------
|
|    When publishing work that utilized the CUDA version
|    of AMBER, please cite the following in addition to
|    the regular AMBER citations:
|
|  - Romelia Salomon-Ferrer; Andreas W. Goetz; Duncan
|    Poole; Scott Le Grand; Ross C. Walker "Routine
|    microsecond molecular dynamics simulations with
|    AMBER - Part II: Particle Mesh Ewald", J. Chem.
|    Theory Comput., 2013, 9 (9), pp3878-3888,
|    DOI: 10.1021/ct400314y.
|
|  - Andreas W. Goetz; Mark J. Williamson; Dong Xu;
|    Duncan Poole; Scott Le Grand; Ross C. Walker
|    "Routine microsecond molecular dynamics simulations
|    with AMBER - Part I: Generalized Born", J. Chem.
|    Theory Comput., 2012, 8 (5), pp1542-1555.
|
|  - Scott Le Grand; Andreas W. Goetz; Ross C. Walker
|    "SPFP: Speed without compromise - a mixed precision
|    model for GPU accelerated molecular dynamics
|    simulations.", Comp. Phys. Comm., 2013, 184
|    pp374-380, DOI: 10.1016/j.cpc.2012.09.022
|
|--------------------------------------------------------
 
|------------------- GPU DEVICE INFO --------------------
|
|                         Task ID:      0
|            CUDA_VISIBLE_DEVICES: 1
|   CUDA Capable Devices Detected:      1
|           CUDA Device ID in use:      0
|                CUDA Device Name: GeForce GTX 1080 Ti
|     CUDA Device Global Mem Size:  11172 MB
| CUDA Device Num Multiprocessors:     28
|           CUDA Device Core Freq:   1.58 GHz
|
|--------------------------------------------------------
 
|---------------- GPU PEER TO PEER INFO -----------------
|
|   Peer to Peer support: ENABLED
|
|--------------------------------------------------------
 
 
| Conditional Compilation Defines Used:
| MPI
| PUBFFT
| BINTRAJ
| CUDA
| EMIL

| Largest sphere to fit in unit cell has radius =    31.547

| New format PARM file being parsed.
| Version =    1.000 Date = 11/16/20 Time = 16:00:01

| Note: 1-4 EEL scale factors are being read from the topology file.

| Note: 1-4 VDW scale factors are being read from the topology file.
| Duplicated    0 dihedrals

| Duplicated    0 dihedrals

--------------------------------------------------------------------------------
   1.  RESOURCE   USE: 
--------------------------------------------------------------------------------

 getting box info from netcdf restart file
 NATOM  =   21671 NTYPES =       7 NBONH =   21663 MBONA  =       7
 NTHETH =      27 MTHETA =       7 NPHIH =      44 MPHIA  =      10
 NHPARM =       0 NPARM  =       0 NNB   =   28966 NRES   =    7218
 NBONA  =       7 NTHETA =       7 NPHIA =      10 NUMBND =       8
 NUMANG =       9 NPTRA  =      13 NATYP =       8 NPHB   =       0
 IFBOX  =       1 NMXRS  =      20 IFCAP =       0 NEXTRA =       0
 NCOPY  =       0

| Coordinate Index Table dimensions:    11   10   10
| Direct force subcell size =     6.1215    6.3857    6.3093

     BOX TYPE: RECTILINEAR

--------------------------------------------------------------------------------
   2.  CONTROL  DATA  FOR  THE  RUN
--------------------------------------------------------------------------------

UNL                                                                             

General flags:
     imin    =       0, nmropt  =       0

Nature and format of input:
     ntx     =       1, irest   =       0, ntrx    =       1

Nature and format of output:
     ntxo    =       2, ntpr    =    1000, ntrx    =       1, ntwr    =   10000
     iwrap   =       0, ntwx    =    1000, ntwv    =       0, ntwe    =       0
     ioutfm  =       1, ntwprt  =       0, idecomp =       0, rbornstat=      0

Potential function:
     ntf     =       1, ntb     =       1, igb     =       0, nsnb    =      25
     ipol    =       0, gbsa    =       0, iesp    =       0
     dielc   =   1.00000, cut     =  10.00000, intdiel =   1.00000

Frozen or restrained atoms:
     ibelly  =       0, ntr     =       1
     restraint_wt =  10.00000

Molecular dynamics:
     nstlim  =     10000, nscm    =         0, nrespa  =         1
     t       =   0.00000, dt      =   0.00200, vlimit  =  -1.00000

Langevin dynamics temperature regulation:
     ig      =  598278
     temp0   = 300.00000, tempi   =   0.00000, gamma_ln=   1.00000

SHAKE:
     ntc     =       2, jfastw  =       0
     tol     =   0.00001

| Intermolecular bonds treatment:
|     no_intermolecular_bonds =       1

| Energy averages sample interval:
|     ene_avg_sampling =    1000

Ewald parameters:
     verbose =       0, ew_type =       0, nbflag  =       1, use_pme =       1
     vdwmeth =       1, eedmeth =       1, netfrc  =       1
     Box X =   67.337   Box Y =   63.857   Box Z =   63.093
     Alpha =   90.000   Beta  =   90.000   Gamma =   90.000
     NFFT1 =   64       NFFT2 =   64       NFFT3 =   64
     Cutoff=   10.000   Tol   =0.100E-04
     Ewald Coefficient =  0.27511
     Interpolation order =    4

| PMEMD ewald parallel performance parameters:
|     block_fft =    0
|     fft_blk_y_divisor =    2
|     excl_recip =    0
|     excl_master =    0
|     atm_redist_freq =  320

    LOADING THE CONSTRAINED ATOMS AS GROUPS


   5.  REFERENCE ATOM COORDINATES

  UNL                                                                             
     Mask :1; matches    20 atoms

--------------------------------------------------------------------------------
   3.  ATOMIC COORDINATES AND VELOCITIES
--------------------------------------------------------------------------------

UNL                                                                             
 begin time read from input coords =     0.000 ps

 
 Number of triangulated 3-point waters found:     7217

     Sum of charges from parm topology file =  -0.00100000
     Forcing neutrality...

| Dynamic Memory, Types Used:
| Reals             1032129
| Integers           757462

| Nonbonded Pairs Initial Allocation:     8490697

| GPU memory information (estimate):
| KB of GPU memory in use:    159063
| KB of CPU memory in use:     29663

| Running AMBER/MPI version on    1 MPI task

 
--------------------------------------------------------------------------------
   4.  RESULTS
--------------------------------------------------------------------------------

 ---------------------------------------------------
 APPROXIMATING switch and d/dx switch using CUBIC SPLINE INTERPOLATION
 using   5000.0 points per unit in tabled values
 TESTING RELATIVE ERROR over r ranging from 0.0 to cutoff
| CHECK switch(x): max rel err =   0.2738E-14   at   2.422500
| CHECK d/dx switch(x): max rel err =   0.8314E-11   at   2.736960
 ---------------------------------------------------
|---------------------------------------------------
| APPROXIMATING direct energy using CUBIC SPLINE INTERPOLATION
|  with   50.0 points per unit in tabled values
| Relative Error Limit not exceeded for r .gt.   2.33
| APPROXIMATING direct force using CUBIC SPLINE INTERPOLATION
|  with   50.0 points per unit in tabled values
| Relative Error Limit not exceeded for r .gt.   2.80
|---------------------------------------------------

 NSTEP =        0   TIME(PS) =       0.000  TEMP(K) =     0.00  PRESS =     0.0
 Etot   =    -92101.6843  EKtot   =         0.0000  EPtot      =    -92101.6843
 BOND   =      7792.3350  ANGLE   =         0.5586  DIHED      =         2.2491
 1-4 NB =         1.7058  1-4 EEL =       -30.9240  VDWAALS    =     22683.5469
 EELEC  =   -122551.1556  EHBOND  =         0.0000  RESTRAINT  =         0.0000
 ------------------------------------------------------------------------------


 NSTEP =     1000   TIME(PS) =       2.000  TEMP(K) =   246.92  PRESS =     0.0
 Etot   =    -61314.7233  EKtot   =     10635.2432  EPtot      =    -71949.9664
 BOND   =         1.1518  ANGLE   =         6.0416  DIHED      =         2.4794
 1-4 NB =         1.7378  1-4 EEL =       -30.9434  VDWAALS    =     12085.4402
 EELEC  =    -84019.2076  EHBOND  =         0.0000  RESTRAINT  =         3.3338
 EAMBER (non-restraint)  =    -71953.3003
 ------------------------------------------------------------------------------


 NSTEP =     2000   TIME(PS) =       4.000  TEMP(K) =   285.10  PRESS =     0.0
 Etot   =    -56117.6368  EKtot   =     12279.9307  EPtot      =    -68397.5675
 BOND   =         0.6376  ANGLE   =        10.8105  DIHED      =         2.4786
 1-4 NB =         2.3131  1-4 EEL =       -30.2989  VDWAALS    =     10524.3531
 EELEC  =    -78911.4166  EHBOND  =         0.0000  RESTRAINT  =         3.5551
 EAMBER (non-restraint)  =    -68401.1226
 ------------------------------------------------------------------------------


 NSTEP =     3000   TIME(PS) =       6.000  TEMP(K) =   295.28  PRESS =     0.0
 Etot   =    -54619.1090  EKtot   =     12718.3018  EPtot      =    -67337.4108
 BOND   =         0.8801  ANGLE   =         7.8570  DIHED      =         2.7229
 1-4 NB =         1.9546  1-4 EEL =       -32.5239  VDWAALS    =     10244.4241
 EELEC  =    -77567.6586  EHBOND  =         0.0000  RESTRAINT  =         4.9331
 EAMBER (non-restraint)  =    -67342.3439
 ------------------------------------------------------------------------------


 NSTEP =     4000   TIME(PS) =       8.000  TEMP(K) =   297.50  PRESS =     0.0
 Etot   =    -54152.0924  EKtot   =     12814.0820  EPtot      =    -66966.1745
 BOND   =         2.5531  ANGLE   =         5.4278  DIHED      =         2.4214
 1-4 NB =         1.6432  1-4 EEL =       -32.7563  VDWAALS    =      9947.7741
 EELEC  =    -76897.7970  EHBOND  =         0.0000  RESTRAINT  =         4.5593
 EAMBER (non-restraint)  =    -66970.7338
 ------------------------------------------------------------------------------


 NSTEP =     5000   TIME(PS) =      10.000  TEMP(K) =   301.16  PRESS =     0.0
 Etot   =    -53966.7239  EKtot   =     12971.6611  EPtot      =    -66938.3851
 BOND   =         2.2518  ANGLE   =         7.3891  DIHED      =         2.8131
 1-4 NB =         3.2799  1-4 EEL =       -31.3291  VDWAALS    =     10058.1223
 EELEC  =    -76983.5857  EHBOND  =         0.0000  RESTRAINT  =         2.6737
 EAMBER (non-restraint)  =    -66941.0587
 ------------------------------------------------------------------------------


 NSTEP =     6000   TIME(PS) =      12.000  TEMP(K) =   301.87  PRESS =     0.0
 Etot   =    -54118.6333  EKtot   =     13002.2910  EPtot      =    -67120.9243
 BOND   =         2.2042  ANGLE   =         5.9489  DIHED      =         2.3025
 1-4 NB =         1.5603  1-4 EEL =       -31.9204  VDWAALS    =      9872.3255
 EELEC  =    -76980.7521  EHBOND  =         0.0000  RESTRAINT  =         7.4068
 EAMBER (non-restraint)  =    -67128.3311
 ------------------------------------------------------------------------------


 NSTEP =     7000   TIME(PS) =      14.000  TEMP(K) =   298.08  PRESS =     0.0
 Etot   =    -54357.0646  EKtot   =     12839.1045  EPtot      =    -67196.1691
 BOND   =         2.3113  ANGLE   =        11.4019  DIHED      =         2.1069
 1-4 NB =         1.6098  1-4 EEL =       -31.7384  VDWAALS    =     10081.0060
 EELEC  =    -77266.5864  EHBOND  =         0.0000  RESTRAINT  =         3.7198
 EAMBER (non-restraint)  =    -67199.8889
 ------------------------------------------------------------------------------


 NSTEP =     8000   TIME(PS) =      16.000  TEMP(K) =   298.37  PRESS =     0.0
 Etot   =    -54238.9500  EKtot   =     12851.3330  EPtot      =    -67090.2830
 BOND   =         4.4629  ANGLE   =         7.1546  DIHED      =         1.7865
 1-4 NB =         2.1017  1-4 EEL =       -31.4266  VDWAALS    =      9988.2993
 EELEC  =    -77067.0409  EHBOND  =         0.0000  RESTRAINT  =         4.3794
 EAMBER (non-restraint)  =    -67094.6624
 ------------------------------------------------------------------------------


 NSTEP =     9000   TIME(PS) =      18.000  TEMP(K) =   298.97  PRESS =     0.0
 Etot   =    -54317.3083  EKtot   =     12877.5537  EPtot      =    -67194.8620
 BOND   =         2.0343  ANGLE   =         9.1815  DIHED      =         3.4408
 1-4 NB =         1.6197  1-4 EEL =       -30.7792  VDWAALS    =     10071.0649
 EELEC  =    -77255.5077  EHBOND  =         0.0000  RESTRAINT  =         4.0838
 EAMBER (non-restraint)  =    -67198.9458
 ------------------------------------------------------------------------------


 NSTEP =    10000   TIME(PS) =      20.000  TEMP(K) =   299.39  PRESS =     0.0
 Etot   =    -54369.3089  EKtot   =     12895.4990  EPtot      =    -67264.8080
 BOND   =         1.5191  ANGLE   =         6.4929  DIHED      =         3.1881
 1-4 NB =         1.5677  1-4 EEL =       -31.6021  VDWAALS    =      9832.1719
 EELEC  =    -77082.3415  EHBOND  =         0.0000  RESTRAINT  =         4.1960
 EAMBER (non-restraint)  =    -67269.0040
 ------------------------------------------------------------------------------


      A V E R A G E S   O V E R      10 S T E P S


 NSTEP =    10000   TIME(PS) =      20.000  TEMP(K) =   292.26  PRESS =     0.0
 Etot   =    -55157.1551  EKtot   =     12588.5000  EPtot      =    -67745.6551
 BOND   =         2.0006  ANGLE   =         7.7706  DIHED      =         2.5740
 1-4 NB =         1.9388  1-4 EEL =       -31.5318  VDWAALS    =     10270.4981
 EELEC  =    -78003.1894  EHBOND  =         0.0000  RESTRAINT  =         4.2841
 EAMBER (non-restraint)  =    -67749.9391
 ------------------------------------------------------------------------------


      R M S  F L U C T U A T I O N S


 NSTEP =    10000   TIME(PS) =      20.000  TEMP(K) =    15.76  PRESS =     0.0
 Etot   =      2131.7307  EKtot   =       678.6665  EPtot      =      1455.4547
 BOND   =         1.0313  ANGLE   =         1.9591  DIHED      =         0.4649
 1-4 NB =         0.5084  1-4 EEL =         0.7188  VDWAALS    =       633.5913
 EELEC  =      2081.8225  EHBOND  =         0.0000  RESTRAINT  =         1.2104
 EAMBER (non-restraint)  =      1454.2443
 ------------------------------------------------------------------------------

--------------------------------------------------------------------------------
   5.  TIMINGS
--------------------------------------------------------------------------------

|  NonSetup CPU Time in Major Routines, Average for All Tasks:
|
|     Routine           Sec        %
|     ------------------------------
|     DataDistrib       0.01    0.14
|     Nonbond           1.85   31.62
|     Bond              0.00    0.00
|     Angle             0.00    0.00
|     Dihedral          0.00    0.00
|     Shake             0.10    1.78
|     RunMD             3.87   66.05
|     Other             0.02    0.41
|     ------------------------------
|     Total             5.85

|  PME Nonbond Pairlist CPU Time, Average for All Tasks:
|
|     Routine              Sec        %
|     ---------------------------------
|     Set Up Cit           0.00    0.00
|     Build List           0.00    0.00
|     ---------------------------------
|     Total                0.00    0.00

|  PME Direct Force CPU Time, Average for All Tasks:
|
|     Routine              Sec        %
|     ---------------------------------
|     NonBonded Calc       0.00    0.00
|     Exclude Masked       0.00    0.00
|     Other                0.01    0.19
|     ---------------------------------
|     Total                0.01    0.19

|  PME Reciprocal Force CPU Time, Average for All Tasks:
|
|     Routine              Sec        %
|     ---------------------------------
|     1D bspline           0.00    0.00
|     Grid Charges         0.00    0.00
|     Scalar Sum           0.00    0.00
|     Gradient Sum         0.00    0.00
|     FFT                  0.00    0.00
|     ---------------------------------
|     Total                0.00    0.00

|  PME Load Balancing CPU Time, Average for All Tasks:
|
|     Routine                 Sec        %
|     ------------------------------------
|     Atom Reassign           0.00    0.00
|     Image Reassign          0.00    0.00
|     FFT Reassign            0.00    0.00
|     ------------------------------------
|     Total                   0.00    0.00

|  Final Performance Info:
|     -----------------------------------------------------
|     Average timings for last   10000 steps:
|     Elapsed(s) =       5.93 Per Step(ms) =       0.59
|         ns/day =     291.40   seconds/ns =     296.50
|
|     Average timings for all steps:
|     Elapsed(s) =       5.93 Per Step(ms) =       0.59
|         ns/day =     291.40   seconds/ns =     296.50
|     -----------------------------------------------------

|  Master Setup CPU time:            0.99 seconds
|  Master NonSetup CPU time:         5.85 seconds
|  Master Total CPU time:            6.84 seconds     0.00 hours

|  Master Setup wall time:           1    seconds
|  Master NonSetup wall time:        6    seconds
|  Master Total wall time:           7    seconds     0.00 hours
