
          -------------------------------------------------------
          Amber 16 PMEMD                              2016
          -------------------------------------------------------

| PMEMD implementation of SANDER, Release 16

| Run on 11/17/2020 at 15:54:01

|   Executable path: pmemd.cuda.MPI
| Working directory: /zfshomes/hpc175/comp260_Project/Hexanoic/DYN
|          Hostname: n78

  [-O]verwriting output

File Assignments:
|   MDIN: Hexanoic_wat_equil.in                                                 
|  MDOUT: Hexanoic_wat_equil.out                                                
| INPCRD: Hexanoic_wat_heat.rst                                                 
|   PARM: Hexanoic_wat.prmtop                                                   
| RESTRT: Hexanoic_wat_equil.rst                                                
|   REFC: Hexanoic_wat_heat.rst                                                 
|  MDVEL: mdvel                                                                 
|   MDEN: mden                                                                  
|  MDCRD: Hexanoic_wat_equil.mdcrd                                              
| MDINFO: mdinfo                                                                
|LOGFILE: logfile                                                               
|  MDFRC: mdfrc                                                                 


 Here is the input file:

PROJECT: Hexanoic_wat: 100ps equil with no restraint                           
 &cntrl                                                                        
   imin   =0,                                                                  
   irest  =1,                                                                  
   ntx    =5,                                                                  
   ntb    =2,                                                                  
   pres0  =1.0,                                                                
   ntp    =1,                                                                  
   taup   =2.0,                                                                
   cut    =10,                                                                 
   ntr    =0,                                                                  
   ntc    =2,                                                                  
   ntf    =2,                                                                  
   tempi  =300.0,                                                              
   temp0  =300.0,                                                              
   ntt    =1,                                                                  
   nstlim =50000,                                                              
   dt     =0.002,                                                              
   ntpr   =1000,                                                               
   ntwx   =1000,                                                               
   ntwr   =10000,                                                              
   iwrap  =1,                                                                  
 &end                                                                          
END                                                                            


Note: ig = -1. Setting random seed to   268768 based on wallclock time in
      microseconds and disabling the synchronization of random numbers 
      between tasks to improve performance.
 
|--------------------- INFORMATION ----------------------
| GPU (CUDA) Version of PMEMD in use: NVIDIA GPU IN USE.
|                    Version 16.0.0
| 
|                      02/25/2016
| 
| Implementation by:
|                    Ross C. Walker     (SDSC)
|                    Scott Le Grand     (nVIDIA)
| 
| Precision model in use:
|      [SPFP] - Single Precision Forces, 64-bit Fixed Point
|               Accumulation. (Default)
| 
|--------------------------------------------------------
 
|----------------- CITATION INFORMATION -----------------
|
|    When publishing work that utilized the CUDA version
|    of AMBER, please cite the following in addition to
|    the regular AMBER citations:
|
|  - Romelia Salomon-Ferrer; Andreas W. Goetz; Duncan
|    Poole; Scott Le Grand; Ross C. Walker "Routine
|    microsecond molecular dynamics simulations with
|    AMBER - Part II: Particle Mesh Ewald", J. Chem.
|    Theory Comput., 2013, 9 (9), pp3878-3888,
|    DOI: 10.1021/ct400314y.
|
|  - Andreas W. Goetz; Mark J. Williamson; Dong Xu;
|    Duncan Poole; Scott Le Grand; Ross C. Walker
|    "Routine microsecond molecular dynamics simulations
|    with AMBER - Part I: Generalized Born", J. Chem.
|    Theory Comput., 2012, 8 (5), pp1542-1555.
|
|  - Scott Le Grand; Andreas W. Goetz; Ross C. Walker
|    "SPFP: Speed without compromise - a mixed precision
|    model for GPU accelerated molecular dynamics
|    simulations.", Comp. Phys. Comm., 2013, 184
|    pp374-380, DOI: 10.1016/j.cpc.2012.09.022
|
|--------------------------------------------------------
 
|------------------- GPU DEVICE INFO --------------------
|
|                         Task ID:      0
|            CUDA_VISIBLE_DEVICES: 2
|   CUDA Capable Devices Detected:      1
|           CUDA Device ID in use:      0
|                CUDA Device Name: GeForce GTX 1080 Ti
|     CUDA Device Global Mem Size:  11172 MB
| CUDA Device Num Multiprocessors:     28
|           CUDA Device Core Freq:   1.58 GHz
|
|--------------------------------------------------------
 
|---------------- GPU PEER TO PEER INFO -----------------
|
|   Peer to Peer support: ENABLED
|
|--------------------------------------------------------
 
 
| Conditional Compilation Defines Used:
| MPI
| PUBFFT
| BINTRAJ
| CUDA
| EMIL

| Largest sphere to fit in unit cell has radius =    31.547

| New format PARM file being parsed.
| Version =    1.000 Date = 11/16/20 Time = 16:00:01

| Note: 1-4 EEL scale factors are being read from the topology file.

| Note: 1-4 VDW scale factors are being read from the topology file.
| Duplicated    0 dihedrals

| Duplicated    0 dihedrals

--------------------------------------------------------------------------------
   1.  RESOURCE   USE: 
--------------------------------------------------------------------------------

 getting box info from netcdf restart file
 NATOM  =   21671 NTYPES =       7 NBONH =   21663 MBONA  =       7
 NTHETH =      27 MTHETA =       7 NPHIH =      44 MPHIA  =      10
 NHPARM =       0 NPARM  =       0 NNB   =   28966 NRES   =    7218
 NBONA  =       7 NTHETA =       7 NPHIA =      10 NUMBND =       8
 NUMANG =       9 NPTRA  =      13 NATYP =       8 NPHB   =       0
 IFBOX  =       1 NMXRS  =      20 IFCAP =       0 NEXTRA =       0
 NCOPY  =       0

| Coordinate Index Table dimensions:    11   10   10
| Direct force subcell size =     6.1215    6.3857    6.3093

     BOX TYPE: RECTILINEAR

--------------------------------------------------------------------------------
   2.  CONTROL  DATA  FOR  THE  RUN
--------------------------------------------------------------------------------

UNL                                                                             

General flags:
     imin    =       0, nmropt  =       0

Nature and format of input:
     ntx     =       5, irest   =       1, ntrx    =       1

Nature and format of output:
     ntxo    =       2, ntpr    =    1000, ntrx    =       1, ntwr    =   10000
     iwrap   =       1, ntwx    =    1000, ntwv    =       0, ntwe    =       0
     ioutfm  =       1, ntwprt  =       0, idecomp =       0, rbornstat=      0

Potential function:
     ntf     =       2, ntb     =       2, igb     =       0, nsnb    =      25
     ipol    =       0, gbsa    =       0, iesp    =       0
     dielc   =   1.00000, cut     =  10.00000, intdiel =   1.00000

Frozen or restrained atoms:
     ibelly  =       0, ntr     =       0

Molecular dynamics:
     nstlim  =     50000, nscm    =      1000, nrespa  =         1
     t       =   0.00000, dt      =   0.00200, vlimit  =  -1.00000

Berendsen (weak-coupling) temperature regulation:
     temp0   = 300.00000, tempi   = 300.00000, tautp   =   1.00000

Pressure regulation:
     ntp     =       1
     pres0   =   1.00000, comp    =  44.60000, taup    =   2.00000

SHAKE:
     ntc     =       2, jfastw  =       0
     tol     =   0.00001

| Intermolecular bonds treatment:
|     no_intermolecular_bonds =       1

| Energy averages sample interval:
|     ene_avg_sampling =    1000

Ewald parameters:
     verbose =       0, ew_type =       0, nbflag  =       1, use_pme =       1
     vdwmeth =       1, eedmeth =       1, netfrc  =       1
     Box X =   67.337   Box Y =   63.857   Box Z =   63.093
     Alpha =   90.000   Beta  =   90.000   Gamma =   90.000
     NFFT1 =   64       NFFT2 =   64       NFFT3 =   64
     Cutoff=   10.000   Tol   =0.100E-04
     Ewald Coefficient =  0.27511
     Interpolation order =    4

| PMEMD ewald parallel performance parameters:
|     block_fft =    0
|     fft_blk_y_divisor =    2
|     excl_recip =    0
|     excl_master =    0
|     atm_redist_freq =  320

--------------------------------------------------------------------------------
   3.  ATOMIC COORDINATES AND VELOCITIES
--------------------------------------------------------------------------------

UNL                                                                             
 begin time read from input coords =    20.000 ps

 
 Number of triangulated 3-point waters found:     7217

     Sum of charges from parm topology file =  -0.00100000
     Forcing neutrality...

| Dynamic Memory, Types Used:
| Reals             1248754
| Integers           822431

| Nonbonded Pairs Initial Allocation:     8490697

| GPU memory information (estimate):
| KB of GPU memory in use:     94487
| KB of CPU memory in use:     30175

| Running AMBER/MPI version on    1 MPI task

 
--------------------------------------------------------------------------------
   4.  RESULTS
--------------------------------------------------------------------------------

 ---------------------------------------------------
 APPROXIMATING switch and d/dx switch using CUBIC SPLINE INTERPOLATION
 using   5000.0 points per unit in tabled values
 TESTING RELATIVE ERROR over r ranging from 0.0 to cutoff
| CHECK switch(x): max rel err =   0.2738E-14   at   2.422500
| CHECK d/dx switch(x): max rel err =   0.8314E-11   at   2.736960
 ---------------------------------------------------
|---------------------------------------------------
| APPROXIMATING direct energy using CUBIC SPLINE INTERPOLATION
|  with   50.0 points per unit in tabled values
| Relative Error Limit not exceeded for r .gt.   2.33
| APPROXIMATING direct force using CUBIC SPLINE INTERPOLATION
|  with   50.0 points per unit in tabled values
| Relative Error Limit not exceeded for r .gt.   2.80
|---------------------------------------------------
check COM velocity, temp:        0.001389     0.00(Removed)

 NSTEP =     1000   TIME(PS) =      22.000  TEMP(K) =   299.04  PRESS =  -401.3
 Etot   =    -54517.3690  EKtot   =     12879.4990  EPtot      =    -67396.8681
 BOND   =         1.8353  ANGLE   =         7.5319  DIHED      =         3.8742
 1-4 NB =         1.8418  1-4 EEL =       -31.5092  VDWAALS    =     10091.4284
 EELEC  =    -77471.8705  EHBOND  =         0.0000  RESTRAINT  =         0.0000
 EKCMT  =      6541.7166  VIRIAL  =      8849.0118  VOLUME     =    266258.7474
                                                    Density    =         0.8116
 ------------------------------------------------------------------------------

check COM velocity, temp:        0.000008     0.00(Removed)

 NSTEP =     2000   TIME(PS) =      24.000  TEMP(K) =   301.43  PRESS =  -548.2
 Etot   =    -54705.7723  EKtot   =     12982.2168  EPtot      =    -67687.9891
 BOND   =         3.4196  ANGLE   =         6.6643  DIHED      =         3.7806
 1-4 NB =         2.1664  1-4 EEL =       -29.8490  VDWAALS    =      9898.4333
 EELEC  =    -77572.6044  EHBOND  =         0.0000  RESTRAINT  =         0.0000
 EKCMT  =      6492.8850  VIRIAL  =      9591.8821  VOLUME     =    261844.2174
                                                    Density    =         0.8253
 ------------------------------------------------------------------------------

check COM velocity, temp:        0.000012     0.00(Removed)

 NSTEP =     3000   TIME(PS) =      26.000  TEMP(K) =   299.15  PRESS =  -277.3
 Etot   =    -54820.4666  EKtot   =     12884.3262  EPtot      =    -67704.7928
 BOND   =         2.1757  ANGLE   =        12.1694  DIHED      =         3.8550
 1-4 NB =         1.1201  1-4 EEL =       -31.2706  VDWAALS    =     10212.3205
 EELEC  =    -77905.1629  EHBOND  =         0.0000  RESTRAINT  =         0.0000
 EKCMT  =      6469.4520  VIRIAL  =      8014.2922  VOLUME     =    257983.8400
                                                    Density    =         0.8377
 ------------------------------------------------------------------------------

check COM velocity, temp:        0.000012     0.00(Removed)

 NSTEP =     4000   TIME(PS) =      28.000  TEMP(K) =   300.03  PRESS =  -490.1
 Etot   =    -54890.1891  EKtot   =     12922.2119  EPtot      =    -67812.4010
 BOND   =         1.5580  ANGLE   =        11.1851  DIHED      =         3.7237
 1-4 NB =         1.7961  1-4 EEL =       -30.0903  VDWAALS    =     10017.3059
 EELEC  =    -77817.8796  EHBOND  =         0.0000  RESTRAINT  =         0.0000
 EKCMT  =      6391.9068  VIRIAL  =      9076.5160  VOLUME     =    253697.4282
                                                    Density    =         0.8518
 ------------------------------------------------------------------------------

check COM velocity, temp:        0.000008     0.00(Removed)

 NSTEP =     5000   TIME(PS) =      30.000  TEMP(K) =   298.47  PRESS =  -407.8
 Etot   =    -54990.6525  EKtot   =     12854.8008  EPtot      =    -67845.4532
 BOND   =         1.2731  ANGLE   =        10.1566  DIHED      =         4.0717
 1-4 NB =         1.7375  1-4 EEL =       -30.2763  VDWAALS    =     10020.9655
 EELEC  =    -77853.3814  EHBOND  =         0.0000  RESTRAINT  =         0.0000
 EKCMT  =      6441.6586  VIRIAL  =      8632.4743  VOLUME     =    248845.7830
                                                    Density    =         0.8684
 ------------------------------------------------------------------------------

check COM velocity, temp:        0.000012     0.00(Removed)

 NSTEP =     6000   TIME(PS) =      32.000  TEMP(K) =   302.40  PRESS =  -427.4
 Etot   =    -55120.0338  EKtot   =     13024.0039  EPtot      =    -68144.0377
 BOND   =         1.6731  ANGLE   =         7.2790  DIHED      =         4.2484
 1-4 NB =         1.5442  1-4 EEL =       -31.8899  VDWAALS    =     10140.2917
 EELEC  =    -78267.1841  EHBOND  =         0.0000  RESTRAINT  =         0.0000
 EKCMT  =      6568.4687  VIRIAL  =      8828.1730  VOLUME     =    244879.4919
                                                    Density    =         0.8825
 ------------------------------------------------------------------------------

check COM velocity, temp:        0.000009     0.00(Removed)

 NSTEP =     7000   TIME(PS) =      34.000  TEMP(K) =   299.53  PRESS =  -533.8
 Etot   =    -55185.1113  EKtot   =     12900.5967  EPtot      =    -68085.7080
 BOND   =         0.5875  ANGLE   =         4.7843  DIHED      =         4.0448
 1-4 NB =         1.4427  1-4 EEL =       -30.6870  VDWAALS    =      9976.7651
 EELEC  =    -78042.6454  EHBOND  =         0.0000  RESTRAINT  =         0.0000
 EKCMT  =      6499.3557  VIRIAL  =      9269.6609  VOLUME     =    240371.5702
                                                    Density    =         0.8990
 ------------------------------------------------------------------------------

check COM velocity, temp:        0.000011     0.00(Removed)

 NSTEP =     8000   TIME(PS) =      36.000  TEMP(K) =   300.15  PRESS =  -416.4
 Etot   =    -55252.1197  EKtot   =     12927.3086  EPtot      =    -68179.4283
 BOND   =         5.0899  ANGLE   =         7.8296  DIHED      =         3.2339
 1-4 NB =         1.8392  1-4 EEL =       -29.2371  VDWAALS    =     10148.6650
 EELEC  =    -78316.8488  EHBOND  =         0.0000  RESTRAINT  =         0.0000
 EKCMT  =      6403.0147  VIRIAL  =      8522.2172  VOLUME     =    235686.3978
                                                    Density    =         0.9169
 ------------------------------------------------------------------------------

check COM velocity, temp:        0.000007     0.00(Removed)

 NSTEP =     9000   TIME(PS) =      38.000  TEMP(K) =   300.63  PRESS =  -324.2
 Etot   =    -55421.0488  EKtot   =     12948.0264  EPtot      =    -68369.0752
 BOND   =         2.9432  ANGLE   =         8.9743  DIHED      =         3.3402
 1-4 NB =         1.5427  1-4 EEL =       -31.5879  VDWAALS    =     10239.7596
 EELEC  =    -78594.0473  EHBOND  =         0.0000  RESTRAINT  =         0.0000
 EKCMT  =      6520.0149  VIRIAL  =      8138.5597  VOLUME     =    231239.5531
                                                    Density    =         0.9345
 ------------------------------------------------------------------------------

check COM velocity, temp:        0.000006     0.00(Removed)

 NSTEP =    10000   TIME(PS) =      40.000  TEMP(K) =   300.95  PRESS =  -375.5
 Etot   =    -55512.8530  EKtot   =     12961.7783  EPtot      =    -68474.6313
 BOND   =         0.9614  ANGLE   =         7.9592  DIHED      =         3.3661
 1-4 NB =         1.7031  1-4 EEL =       -29.6774  VDWAALS    =     10140.6155
 EELEC  =    -78599.5592  EHBOND  =         0.0000  RESTRAINT  =         0.0000
 EKCMT  =      6480.1911  VIRIAL  =      8326.0194  VOLUME     =    227649.1493
                                                    Density    =         0.9493
 ------------------------------------------------------------------------------

check COM velocity, temp:        0.000004     0.00(Removed)

 NSTEP =    11000   TIME(PS) =      42.000  TEMP(K) =   299.81  PRESS =  -208.2
 Etot   =    -55619.3057  EKtot   =     12912.5283  EPtot      =    -68531.8340
 BOND   =         0.8281  ANGLE   =         7.0125  DIHED      =         4.0977
 1-4 NB =         2.4258  1-4 EEL =       -31.4783  VDWAALS    =     10253.2648
 EELEC  =    -78767.9846  EHBOND  =         0.0000  RESTRAINT  =         0.0000
 EKCMT  =      6536.1924  VIRIAL  =      7547.1367  VOLUME     =    224889.6310
                                                    Density    =         0.9609
 ------------------------------------------------------------------------------

check COM velocity, temp:        0.000013     0.00(Removed)

 NSTEP =    12000   TIME(PS) =      44.000  TEMP(K) =   297.74  PRESS =  -271.0
 Etot   =    -55710.0843  EKtot   =     12823.2920  EPtot      =    -68533.3763
 BOND   =         0.9439  ANGLE   =         9.0213  DIHED      =         3.3217
 1-4 NB =         2.3307  1-4 EEL =       -32.5455  VDWAALS    =     10109.9550
 EELEC  =    -78626.4034  EHBOND  =         0.0000  RESTRAINT  =         0.0000
 EKCMT  =      6421.3059  VIRIAL  =      7726.3187  VOLUME     =    223034.7545
                                                    Density    =         0.9689
 ------------------------------------------------------------------------------

check COM velocity, temp:        0.000006     0.00(Removed)

 NSTEP =    13000   TIME(PS) =      46.000  TEMP(K) =   301.99  PRESS =  -243.3
 Etot   =    -55763.9518  EKtot   =     13006.5742  EPtot      =    -68770.5261
 BOND   =         1.3136  ANGLE   =         6.1616  DIHED      =         3.1234
 1-4 NB =         2.1213  1-4 EEL =       -30.7132  VDWAALS    =     10112.0239
 EELEC  =    -78864.5567  EHBOND  =         0.0000  RESTRAINT  =         0.0000
 EKCMT  =      6554.5541  VIRIAL  =      7719.7613  VOLUME     =    221827.5864
                                                    Density    =         0.9742
 ------------------------------------------------------------------------------

check COM velocity, temp:        0.000005     0.00(Removed)

 NSTEP =    14000   TIME(PS) =      48.000  TEMP(K) =   302.47  PRESS =   -85.2
 Etot   =    -55781.9035  EKtot   =     13027.3818  EPtot      =    -68809.2854
 BOND   =         2.8691  ANGLE   =         6.2279  DIHED      =         4.9338
 1-4 NB =         1.9394  1-4 EEL =       -31.4749  VDWAALS    =     10220.1636
 EELEC  =    -79013.9443  EHBOND  =         0.0000  RESTRAINT  =         0.0000
 EKCMT  =      6564.7877  VIRIAL  =      6970.7595  VOLUME     =    220730.3896
                                                    Density    =         0.9790
 ------------------------------------------------------------------------------

check COM velocity, temp:        0.000008     0.00(Removed)

 NSTEP =    15000   TIME(PS) =      50.000  TEMP(K) =   297.87  PRESS =   101.0
 Etot   =    -55863.4793  EKtot   =     12828.9922  EPtot      =    -68692.4714
 BOND   =         1.4005  ANGLE   =         6.7563  DIHED      =         5.2242
 1-4 NB =         2.0660  1-4 EEL =       -30.4498  VDWAALS    =     10330.5601
 EELEC  =    -79008.0287  EHBOND  =         0.0000  RESTRAINT  =         0.0000
 EKCMT  =      6457.1021  VIRIAL  =      5977.2676  VOLUME     =    220022.5573
                                                    Density    =         0.9822
 ------------------------------------------------------------------------------

check COM velocity, temp:        0.000005     0.00(Removed)

 NSTEP =    16000   TIME(PS) =      52.000  TEMP(K) =   301.58  PRESS =   -77.8
 Etot   =    -55910.9976  EKtot   =     12988.8809  EPtot      =    -68899.8785
 BOND   =         3.3398  ANGLE   =         6.4602  DIHED      =         2.7003
 1-4 NB =         1.9724  1-4 EEL =       -31.7305  VDWAALS    =     10184.8710
 EELEC  =    -79067.4918  EHBOND  =         0.0000  RESTRAINT  =         0.0000
 EKCMT  =      6596.1415  VIRIAL  =      6965.7232  VOLUME     =    219946.7220
                                                    Density    =         0.9825
 ------------------------------------------------------------------------------

check COM velocity, temp:        0.000009     0.00(Removed)

 NSTEP =    17000   TIME(PS) =      54.000  TEMP(K) =   298.92  PRESS =   145.2
 Etot   =    -55934.4557  EKtot   =     12874.2539  EPtot      =    -68808.7096
 BOND   =         1.9120  ANGLE   =         9.3910  DIHED      =         3.9061
 1-4 NB =         3.0273  1-4 EEL =       -31.4073  VDWAALS    =     10393.2941
 EELEC  =    -79188.8328  EHBOND  =         0.0000  RESTRAINT  =         0.0000
 EKCMT  =      6494.2900  VIRIAL  =      5805.9587  VOLUME     =    219607.2754
                                                    Density    =         0.9840
 ------------------------------------------------------------------------------

check COM velocity, temp:        0.000008     0.00(Removed)

 NSTEP =    18000   TIME(PS) =      56.000  TEMP(K) =   300.61  PRESS =   -50.9
 Etot   =    -55918.5214  EKtot   =     12947.1465  EPtot      =    -68865.6679
 BOND   =         0.8169  ANGLE   =         8.9065  DIHED      =         6.4272
 1-4 NB =         2.0738  1-4 EEL =       -30.5346  VDWAALS    =     10215.8917
 EELEC  =    -79069.2493  EHBOND  =         0.0000  RESTRAINT  =         0.0000
 EKCMT  =      6523.7420  VIRIAL  =      6765.0865  VOLUME     =    219756.3921
                                                    Density    =         0.9834
 ------------------------------------------------------------------------------

check COM velocity, temp:        0.000003     0.00(Removed)

 NSTEP =    19000   TIME(PS) =      58.000  TEMP(K) =   298.38  PRESS =    94.4
 Etot   =    -55921.6755  EKtot   =     12850.9854  EPtot      =    -68772.6609
 BOND   =         1.0186  ANGLE   =        10.3840  DIHED      =         4.6087
 1-4 NB =         2.3177  1-4 EEL =       -31.9250  VDWAALS    =     10362.6702
 EELEC  =    -79121.7351  EHBOND  =         0.0000  RESTRAINT  =         0.0000
 EKCMT  =      6448.0617  VIRIAL  =      6000.5806  VOLUME     =    219514.3707
                                                    Density    =         0.9845
 ------------------------------------------------------------------------------

check COM velocity, temp:        0.000008     0.00(Removed)

 NSTEP =    20000   TIME(PS) =      60.000  TEMP(K) =   298.05  PRESS =    82.7
 Etot   =    -55900.7913  EKtot   =     12836.8037  EPtot      =    -68737.5950
 BOND   =         1.8522  ANGLE   =         7.1151  DIHED      =         3.8095
 1-4 NB =         1.2265  1-4 EEL =       -30.4852  VDWAALS    =     10290.7953
 EELEC  =    -79011.9085  EHBOND  =         0.0000  RESTRAINT  =         0.0000
 EKCMT  =      6502.8049  VIRIAL  =      6110.5393  VOLUME     =    219570.9143
                                                    Density    =         0.9842
 ------------------------------------------------------------------------------

check COM velocity, temp:        0.000013     0.00(Removed)

 NSTEP =    21000   TIME(PS) =      62.000  TEMP(K) =   298.71  PRESS =   209.2
 Etot   =    -55944.1436  EKtot   =     12865.2979  EPtot      =    -68809.4415
 BOND   =         2.9165  ANGLE   =         5.8397  DIHED      =         5.7621
 1-4 NB =         2.4143  1-4 EEL =       -31.4988  VDWAALS    =     10441.3170
 EELEC  =    -79236.1922  EHBOND  =         0.0000  RESTRAINT  =         0.0000
 EKCMT  =      6479.0510  VIRIAL  =      5487.7758  VOLUME     =    219486.9073
                                                    Density    =         0.9846
 ------------------------------------------------------------------------------

check COM velocity, temp:        0.000007     0.00(Removed)

 NSTEP =    22000   TIME(PS) =      64.000  TEMP(K) =   300.25  PRESS =  -186.9
 Etot   =    -55945.5846  EKtot   =     12931.6631  EPtot      =    -68877.2477
 BOND   =         1.7614  ANGLE   =        12.2376  DIHED      =         4.5672
 1-4 NB =         1.7627  1-4 EEL =       -30.6452  VDWAALS    =     10055.9961
 EELEC  =    -78922.9275  EHBOND  =         0.0000  RESTRAINT  =         0.0000
 EKCMT  =      6455.4215  VIRIAL  =      7340.1026  VOLUME     =    219287.6962
                                                    Density    =         0.9855
 ------------------------------------------------------------------------------

check COM velocity, temp:        0.000005     0.00(Removed)

 NSTEP =    23000   TIME(PS) =      66.000  TEMP(K) =   299.77  PRESS =   -10.3
 Etot   =    -55926.2535  EKtot   =     12911.0527  EPtot      =    -68837.3062
 BOND   =         1.5913  ANGLE   =         8.9137  DIHED      =         4.1295
 1-4 NB =         2.4052  1-4 EEL =       -30.0251  VDWAALS    =     10210.8558
 EELEC  =    -79035.1767  EHBOND  =         0.0000  RESTRAINT  =         0.0000
 EKCMT  =      6438.0692  VIRIAL  =      6487.0688  VOLUME     =    219276.5136
                                                    Density    =         0.9855
 ------------------------------------------------------------------------------

check COM velocity, temp:        0.000005     0.00(Removed)

 NSTEP =    24000   TIME(PS) =      68.000  TEMP(K) =   302.90  PRESS =    75.6
 Etot   =    -55935.6058  EKtot   =     13045.5264  EPtot      =    -68981.1321
 BOND   =         2.0716  ANGLE   =         8.0474  DIHED      =         3.8258
 1-4 NB =         1.6129  1-4 EEL =       -30.5341  VDWAALS    =     10363.6870
 EELEC  =    -79329.8426  EHBOND  =         0.0000  RESTRAINT  =         0.0000
 EKCMT  =      6624.6586  VIRIAL  =      6266.6363  VOLUME     =    219292.6155
                                                    Density    =         0.9855
 ------------------------------------------------------------------------------

check COM velocity, temp:        0.000004     0.00(Removed)

 NSTEP =    25000   TIME(PS) =      70.000  TEMP(K) =   302.31  PRESS =   205.6
 Etot   =    -55969.9062  EKtot   =     13020.2666  EPtot      =    -68990.1728
 BOND   =         2.2330  ANGLE   =         6.0258  DIHED      =         4.6198
 1-4 NB =         2.2643  1-4 EEL =       -30.5812  VDWAALS    =     10536.7690
 EELEC  =    -79511.5035  EHBOND  =         0.0000  RESTRAINT  =         0.0000
 EKCMT  =      6518.4415  VIRIAL  =      5542.8823  VOLUME     =    219731.6995
                                                    Density    =         0.9835
 ------------------------------------------------------------------------------

check COM velocity, temp:        0.000005     0.00(Removed)

 NSTEP =    26000   TIME(PS) =      72.000  TEMP(K) =   298.42  PRESS =   -18.0
 Etot   =    -55941.9546  EKtot   =     12852.8428  EPtot      =    -68794.7974
 BOND   =         3.1609  ANGLE   =         5.9080  DIHED      =         2.9531
 1-4 NB =         2.3506  1-4 EEL =       -30.8214  VDWAALS    =     10245.0591
 EELEC  =    -79023.4077  EHBOND  =         0.0000  RESTRAINT  =         0.0000
 EKCMT  =      6415.4635  VIRIAL  =      6501.1206  VOLUME     =    219833.5962
                                                    Density    =         0.9830
 ------------------------------------------------------------------------------

check COM velocity, temp:        0.000001     0.00(Removed)

 NSTEP =    27000   TIME(PS) =      74.000  TEMP(K) =   298.46  PRESS =   130.1
 Etot   =    -55997.3973  EKtot   =     12854.5947  EPtot      =    -68851.9920
 BOND   =         1.4062  ANGLE   =         4.7982  DIHED      =         2.8912
 1-4 NB =         1.5897  1-4 EEL =       -31.0855  VDWAALS    =     10379.2260
 EELEC  =    -79210.8178  EHBOND  =         0.0000  RESTRAINT  =         0.0000
 EKCMT  =      6444.3302  VIRIAL  =      5827.5176  VOLUME     =    219500.5646
                                                    Density    =         0.9845
 ------------------------------------------------------------------------------

check COM velocity, temp:        0.000010     0.00(Removed)

 NSTEP =    28000   TIME(PS) =      76.000  TEMP(K) =   300.77  PRESS =   -67.1
 Etot   =    -55985.6372  EKtot   =     12953.7988  EPtot      =    -68939.4360
 BOND   =         0.9962  ANGLE   =         7.9796  DIHED      =         4.2456
 1-4 NB =         2.5132  1-4 EEL =       -31.1526  VDWAALS    =     10224.5513
 EELEC  =    -79148.5693  EHBOND  =         0.0000  RESTRAINT  =         0.0000
 EKCMT  =      6404.7416  VIRIAL  =      6722.6343  VOLUME     =    219474.3554
                                                    Density    =         0.9846
 ------------------------------------------------------------------------------

check COM velocity, temp:        0.000006     0.00(Removed)

 NSTEP =    29000   TIME(PS) =      78.000  TEMP(K) =   299.75  PRESS =    -4.8
 Etot   =    -55972.4473  EKtot   =     12910.0664  EPtot      =    -68882.5137
 BOND   =         2.1299  ANGLE   =         8.0569  DIHED      =         3.0710
 1-4 NB =         1.4493  1-4 EEL =       -31.3030  VDWAALS    =     10288.6831
 EELEC  =    -79154.6008  EHBOND  =         0.0000  RESTRAINT  =         0.0000
 EKCMT  =      6487.1720  VIRIAL  =      6510.0505  VOLUME     =    219779.0807
                                                    Density    =         0.9833
 ------------------------------------------------------------------------------

check COM velocity, temp:        0.000003     0.00(Removed)

 NSTEP =    30000   TIME(PS) =      80.000  TEMP(K) =   300.32  PRESS =   165.3
 Etot   =    -55973.8039  EKtot   =     12934.6758  EPtot      =    -68908.4797
 BOND   =         0.8320  ANGLE   =         8.4333  DIHED      =         5.3625
 1-4 NB =         1.9127  1-4 EEL =       -31.9310  VDWAALS    =     10392.7467
 EELEC  =    -79285.8357  EHBOND  =         0.0000  RESTRAINT  =         0.0000
 EKCMT  =      6568.2623  VIRIAL  =      5784.3760  VOLUME     =    219660.2388
                                                    Density    =         0.9838
 ------------------------------------------------------------------------------

check COM velocity, temp:        0.000007     0.00(Removed)

 NSTEP =    31000   TIME(PS) =      82.000  TEMP(K) =   299.60  PRESS =    47.0
 Etot   =    -55961.7522  EKtot   =     12903.5049  EPtot      =    -68865.2571
 BOND   =         1.0140  ANGLE   =         5.2860  DIHED      =         4.6220
 1-4 NB =         1.8732  1-4 EEL =       -30.1738  VDWAALS    =     10286.2821
 EELEC  =    -79134.1606  EHBOND  =         0.0000  RESTRAINT  =         0.0000
 EKCMT  =      6468.8671  VIRIAL  =      6245.4725  VOLUME     =    220018.4153
                                                    Density    =         0.9822
 ------------------------------------------------------------------------------

check COM velocity, temp:        0.000006     0.00(Removed)

 NSTEP =    32000   TIME(PS) =      84.000  TEMP(K) =   299.11  PRESS =    88.8
 Etot   =    -55933.6317  EKtot   =     12882.5850  EPtot      =    -68816.2167
 BOND   =         5.0396  ANGLE   =         5.8797  DIHED      =         3.5681
 1-4 NB =         2.5357  1-4 EEL =       -31.7663  VDWAALS    =     10388.2752
 EELEC  =    -79189.7486  EHBOND  =         0.0000  RESTRAINT  =         0.0000
 EKCMT  =      6448.3400  VIRIAL  =      6026.3131  VOLUME     =    220041.8296
                                                    Density    =         0.9821
 ------------------------------------------------------------------------------

check COM velocity, temp:        0.000008     0.00(Removed)

 NSTEP =    33000   TIME(PS) =      86.000  TEMP(K) =   303.78  PRESS =  -134.6
 Etot   =    -55935.7945  EKtot   =     13083.5283  EPtot      =    -69019.3228
 BOND   =         2.4229  ANGLE   =         8.5879  DIHED      =         4.2599
 1-4 NB =         1.3510  1-4 EEL =       -31.0669  VDWAALS    =     10207.2929
 EELEC  =    -79212.1704  EHBOND  =         0.0000  RESTRAINT  =         0.0000
 EKCMT  =      6586.5961  VIRIAL  =      7226.0559  VOLUME     =    219964.6059
                                                    Density    =         0.9824
 ------------------------------------------------------------------------------

check COM velocity, temp:        0.000010     0.00(Removed)

 NSTEP =    34000   TIME(PS) =      88.000  TEMP(K) =   302.00  PRESS =  -106.9
 Etot   =    -55912.7352  EKtot   =     13006.9561  EPtot      =    -68919.6912
 BOND   =         2.4023  ANGLE   =        10.6098  DIHED      =         5.5138
 1-4 NB =         1.6012  1-4 EEL =       -30.9303  VDWAALS    =     10182.8306
 EELEC  =    -79091.7187  EHBOND  =         0.0000  RESTRAINT  =         0.0000
 EKCMT  =      6527.6213  VIRIAL  =      7034.6643  VOLUME     =    219697.0887
                                                    Density    =         0.9836
 ------------------------------------------------------------------------------

check COM velocity, temp:        0.000004     0.00(Removed)

 NSTEP =    35000   TIME(PS) =      90.000  TEMP(K) =   299.76  PRESS =    46.7
 Etot   =    -55931.6828  EKtot   =     12910.4756  EPtot      =    -68842.1584
 BOND   =         2.0892  ANGLE   =         8.8108  DIHED      =         5.1612
 1-4 NB =         2.8110  1-4 EEL =       -32.1347  VDWAALS    =     10323.3011
 EELEC  =    -79152.1971  EHBOND  =         0.0000  RESTRAINT  =         0.0000
 EKCMT  =      6513.4195  VIRIAL  =      6291.0894  VOLUME     =    220312.3334
                                                    Density    =         0.9809
 ------------------------------------------------------------------------------

check COM velocity, temp:        0.000003     0.00(Removed)

 NSTEP =    36000   TIME(PS) =      92.000  TEMP(K) =   302.39  PRESS =   -54.9
 Etot   =    -55963.3370  EKtot   =     13023.5566  EPtot      =    -68986.8936
 BOND   =         1.5608  ANGLE   =         4.2892  DIHED      =         4.1083
 1-4 NB =         1.9552  1-4 EEL =       -31.5085  VDWAALS    =     10282.7434
 EELEC  =    -79250.0421  EHBOND  =         0.0000  RESTRAINT  =         0.0000
 EKCMT  =      6548.4377  VIRIAL  =      6809.5374  VOLUME     =    220304.2328
                                                    Density    =         0.9809
 ------------------------------------------------------------------------------

check COM velocity, temp:        0.000008     0.00(Removed)

 NSTEP =    37000   TIME(PS) =      94.000  TEMP(K) =   301.36  PRESS =    26.6
 Etot   =    -55956.5339  EKtot   =     12979.3027  EPtot      =    -68935.8367
 BOND   =         1.2934  ANGLE   =         6.1952  DIHED      =         2.2454
 1-4 NB =         1.3831  1-4 EEL =       -31.0621  VDWAALS    =     10315.5850
 EELEC  =    -79231.4768  EHBOND  =         0.0000  RESTRAINT  =         0.0000
 EKCMT  =      6600.8638  VIRIAL  =      6474.3439  VOLUME     =    220335.5098
                                                    Density    =         0.9808
 ------------------------------------------------------------------------------

check COM velocity, temp:        0.000015     0.00(Removed)

 NSTEP =    38000   TIME(PS) =      96.000  TEMP(K) =   301.36  PRESS =  -269.3
 Etot   =    -55939.9244  EKtot   =     12979.2725  EPtot      =    -68919.1968
 BOND   =         5.7129  ANGLE   =         9.4661  DIHED      =         4.3546
 1-4 NB =         1.3701  1-4 EEL =       -31.0705  VDWAALS    =     10049.2449
 EELEC  =    -78958.2749  EHBOND  =         0.0000  RESTRAINT  =         0.0000
 EKCMT  =      6495.1710  VIRIAL  =      7774.1383  VOLUME     =    219968.7377
                                                    Density    =         0.9824
 ------------------------------------------------------------------------------

check COM velocity, temp:        0.000010     0.00(Removed)

 NSTEP =    39000   TIME(PS) =      98.000  TEMP(K) =   299.97  PRESS =   125.3
 Etot   =    -55938.9135  EKtot   =     12919.5684  EPtot      =    -68858.4819
 BOND   =         3.3127  ANGLE   =         8.0010  DIHED      =         3.9561
 1-4 NB =         2.2414  1-4 EEL =       -31.4708  VDWAALS    =     10450.8330
 EELEC  =    -79295.3553  EHBOND  =         0.0000  RESTRAINT  =         0.0000
 EKCMT  =      6462.1282  VIRIAL  =      5866.0218  VOLUME     =    220393.5931
                                                    Density    =         0.9805
 ------------------------------------------------------------------------------

check COM velocity, temp:        0.000006     0.00(Removed)

 NSTEP =    40000   TIME(PS) =     100.000  TEMP(K) =   303.18  PRESS =  -118.0
 Etot   =    -55958.8114  EKtot   =     13057.8965  EPtot      =    -69016.7079
 BOND   =         4.3175  ANGLE   =        11.8480  DIHED      =         2.4106
 1-4 NB =         1.8177  1-4 EEL =       -32.9286  VDWAALS    =     10166.6883
 EELEC  =    -79170.8614  EHBOND  =         0.0000  RESTRAINT  =         0.0000
 EKCMT  =      6575.6794  VIRIAL  =      7135.2681  VOLUME     =    219648.2708
                                                    Density    =         0.9839
 ------------------------------------------------------------------------------

check COM velocity, temp:        0.000008     0.00(Removed)

 NSTEP =    41000   TIME(PS) =     102.000  TEMP(K) =   299.12  PRESS =    42.0
 Etot   =    -55980.6566  EKtot   =     12882.8438  EPtot      =    -68863.5004
 BOND   =         0.5005  ANGLE   =        11.9966  DIHED      =         4.2895
 1-4 NB =         1.7992  1-4 EEL =       -30.4043  VDWAALS    =     10314.6530
 EELEC  =    -79166.3348  EHBOND  =         0.0000  RESTRAINT  =         0.0000
 EKCMT  =      6472.0783  VIRIAL  =      6272.6614  VOLUME     =    220095.2895
                                                    Density    =         0.9819
 ------------------------------------------------------------------------------

check COM velocity, temp:        0.000004     0.00(Removed)

 NSTEP =    42000   TIME(PS) =     104.000  TEMP(K) =   297.96  PRESS =   -62.1
 Etot   =    -55973.0818  EKtot   =     12832.7842  EPtot      =    -68805.8660
 BOND   =         0.9934  ANGLE   =        12.6305  DIHED      =         2.3870
 1-4 NB =         1.6398  1-4 EEL =       -30.0927  VDWAALS    =     10238.1137
 EELEC  =    -79031.5377  EHBOND  =         0.0000  RESTRAINT  =         0.0000
 EKCMT  =      6379.6611  VIRIAL  =      6674.8205  VOLUME     =    220002.0726
                                                    Density    =         0.9823
 ------------------------------------------------------------------------------

check COM velocity, temp:        0.000008     0.00(Removed)

 NSTEP =    43000   TIME(PS) =     106.000  TEMP(K) =   296.75  PRESS =   130.3
 Etot   =    -55977.9665  EKtot   =     12780.7305  EPtot      =    -68758.6970
 BOND   =         2.3879  ANGLE   =         7.5850  DIHED      =         4.6623
 1-4 NB =         2.4229  1-4 EEL =       -32.1805  VDWAALS    =     10416.5662
 EELEC  =    -79160.1408  EHBOND  =         0.0000  RESTRAINT  =         0.0000
 EKCMT  =      6402.2857  VIRIAL  =      5783.4310  VOLUME     =    220009.5908
                                                    Density    =         0.9822
 ------------------------------------------------------------------------------

check COM velocity, temp:        0.000003     0.00(Removed)

 NSTEP =    44000   TIME(PS) =     108.000  TEMP(K) =   300.96  PRESS =  -135.8
 Etot   =    -55991.2127  EKtot   =     12962.1816  EPtot      =    -68953.3943
 BOND   =         4.9615  ANGLE   =         7.5822  DIHED      =         3.2571
 1-4 NB =         1.0852  1-4 EEL =       -31.0993  VDWAALS    =     10205.6766
 EELEC  =    -79144.8577  EHBOND  =         0.0000  RESTRAINT  =         0.0000
 EKCMT  =      6525.3063  VIRIAL  =      7169.8076  VOLUME     =    219865.5527
                                                    Density    =         0.9829
 ------------------------------------------------------------------------------

check COM velocity, temp:        0.000005     0.00(Removed)

 NSTEP =    45000   TIME(PS) =     110.000  TEMP(K) =   300.73  PRESS =   153.9
 Etot   =    -55990.5041  EKtot   =     12952.3242  EPtot      =    -68942.8283
 BOND   =         1.4647  ANGLE   =         6.0061  DIHED      =         3.5163
 1-4 NB =         1.6103  1-4 EEL =       -31.5539  VDWAALS    =     10450.3413
 EELEC  =    -79374.2131  EHBOND  =         0.0000  RESTRAINT  =         0.0000
 EKCMT  =      6457.2528  VIRIAL  =      5727.3831  VOLUME     =    219644.7353
                                                    Density    =         0.9839
 ------------------------------------------------------------------------------

check COM velocity, temp:        0.000005     0.00(Removed)

 NSTEP =    46000   TIME(PS) =     112.000  TEMP(K) =   299.83  PRESS =  -159.4
 Etot   =    -55979.2380  EKtot   =     12913.6934  EPtot      =    -68892.9313
 BOND   =         3.0477  ANGLE   =         8.3153  DIHED      =         3.9482
 1-4 NB =         1.0825  1-4 EEL =       -29.8205  VDWAALS    =     10127.2408
 EELEC  =    -79006.7453  EHBOND  =         0.0000  RESTRAINT  =         0.0000
 EKCMT  =      6547.2902  VIRIAL  =      7304.1342  VOLUME     =    219888.0596
                                                    Density    =         0.9828
 ------------------------------------------------------------------------------

check COM velocity, temp:        0.000007     0.00(Removed)

 NSTEP =    47000   TIME(PS) =     114.000  TEMP(K) =   299.54  PRESS =    15.4
 Etot   =    -55988.3766  EKtot   =     12901.2100  EPtot      =    -68889.5866
 BOND   =         1.0842  ANGLE   =        10.2870  DIHED      =         3.3864
 1-4 NB =         1.7488  1-4 EEL =       -31.7974  VDWAALS    =     10290.0450
 EELEC  =    -79164.3406  EHBOND  =         0.0000  RESTRAINT  =         0.0000
 EKCMT  =      6423.8776  VIRIAL  =      6350.7140  VOLUME     =    219822.3187
                                                    Density    =         0.9831
 ------------------------------------------------------------------------------

check COM velocity, temp:        0.000007     0.00(Removed)

 NSTEP =    48000   TIME(PS) =     116.000  TEMP(K) =   300.54  PRESS =  -102.8
 Etot   =    -56004.5006  EKtot   =     12944.0850  EPtot      =    -68948.5856
 BOND   =         1.3994  ANGLE   =         7.0076  DIHED      =         5.1346
 1-4 NB =         2.9620  1-4 EEL =       -31.3661  VDWAALS    =     10223.0306
 EELEC  =    -79156.7537  EHBOND  =         0.0000  RESTRAINT  =         0.0000
 EKCMT  =      6456.3801  VIRIAL  =      6944.2053  VOLUME     =    219790.1524
                                                    Density    =         0.9832
 ------------------------------------------------------------------------------

check COM velocity, temp:        0.000007     0.00(Removed)

 NSTEP =    49000   TIME(PS) =     118.000  TEMP(K) =   303.29  PRESS =   -52.5
 Etot   =    -55999.1894  EKtot   =     13062.5713  EPtot      =    -69061.7607
 BOND   =         2.1391  ANGLE   =         9.1036  DIHED      =         3.4978
 1-4 NB =         2.3800  1-4 EEL =       -30.6144  VDWAALS    =     10307.3396
 EELEC  =    -79355.6063  EHBOND  =         0.0000  RESTRAINT  =         0.0000
 EKCMT  =      6538.6313  VIRIAL  =      6787.7198  VOLUME     =    219938.8437
                                                    Density    =         0.9826
 ------------------------------------------------------------------------------

check COM velocity, temp:        0.000004     0.00(Removed)

 NSTEP =    50000   TIME(PS) =     120.000  TEMP(K) =   299.97  PRESS =   -14.5
 Etot   =    -56004.7517  EKtot   =     12919.6494  EPtot      =    -68924.4011
 BOND   =         3.1133  ANGLE   =         5.5358  DIHED      =         4.5087
 1-4 NB =         1.4220  1-4 EEL =       -29.7263  VDWAALS    =     10284.1439
 EELEC  =    -79193.3985  EHBOND  =         0.0000  RESTRAINT  =         0.0000
 EKCMT  =      6526.8832  VIRIAL  =      6595.5402  VOLUME     =    219811.2397
                                                    Density    =         0.9831
 ------------------------------------------------------------------------------


      A V E R A G E S   O V E R      50 S T E P S


 NSTEP =    50000   TIME(PS) =     120.000  TEMP(K) =   300.24  PRESS =   -95.0
 Etot   =    -55753.1222  EKtot   =     12931.2022  EPtot      =    -68684.3245
 BOND   =         2.1434  ANGLE   =         8.0647  DIHED      =         3.9981
 1-4 NB =         1.9120  1-4 EEL =       -31.0233  VDWAALS    =     10240.1832
 EELEC  =    -78909.6025  EHBOND  =         0.0000  RESTRAINT  =         0.0000
 EKCMT  =      6494.0006  VIRIAL  =      6996.0285  VOLUME     =    225444.6502
                                                    Density    =         0.9610
 ------------------------------------------------------------------------------


      R M S  F L U C T U A T I O N S


 NSTEP =    50000   TIME(PS) =     120.000  TEMP(K) =     1.61  PRESS =   202.3
 Etot   =       386.8332  EKtot   =        69.1554  EPtot      =       397.2479
 BOND   =         1.2411  ANGLE   =         2.0913  DIHED      =         0.8756
 1-4 NB =         0.4691  1-4 EEL =         0.7832  VDWAALS    =       132.5604
 EELEC  =       485.6744  EHBOND  =         0.0000  RESTRAINT  =         0.0000
 EKCMT  =        59.5746  VIRIAL  =      1050.6483  VOLUME     =     12103.7421
                                                    Density    =         0.0464
 ------------------------------------------------------------------------------

--------------------------------------------------------------------------------
   5.  TIMINGS
--------------------------------------------------------------------------------

|  NonSetup CPU Time in Major Routines, Average for All Tasks:
|
|     Routine           Sec        %
|     ------------------------------
|     DataDistrib       0.09    0.24
|     Nonbond          34.59   87.62
|     Bond              0.00    0.00
|     Angle             0.00    0.00
|     Dihedral          0.00    0.00
|     Shake             0.45    1.15
|     RunMD             4.25   10.76
|     Other             0.09    0.23
|     ------------------------------
|     Total            39.48

|  PME Nonbond Pairlist CPU Time, Average for All Tasks:
|
|     Routine              Sec        %
|     ---------------------------------
|     Set Up Cit           0.00    0.00
|     Build List           0.00    0.00
|     ---------------------------------
|     Total                0.00    0.00

|  PME Direct Force CPU Time, Average for All Tasks:
|
|     Routine              Sec        %
|     ---------------------------------
|     NonBonded Calc       0.00    0.00
|     Exclude Masked       0.00    0.00
|     Other                0.05    0.13
|     ---------------------------------
|     Total                0.05    0.13

|  PME Reciprocal Force CPU Time, Average for All Tasks:
|
|     Routine              Sec        %
|     ---------------------------------
|     1D bspline           0.00    0.00
|     Grid Charges         0.00    0.00
|     Scalar Sum           0.00    0.00
|     Gradient Sum         0.00    0.00
|     FFT                  0.00    0.00
|     ---------------------------------
|     Total                0.00    0.00

|  PME Load Balancing CPU Time, Average for All Tasks:
|
|     Routine                 Sec        %
|     ------------------------------------
|     Atom Reassign           0.00    0.00
|     Image Reassign          0.00    0.00
|     FFT Reassign            0.00    0.00
|     ------------------------------------
|     Total                   0.00    0.00

|  Final Performance Info:
|     -----------------------------------------------------
|     Average timings for last   49000 steps:
|     Elapsed(s) =      38.78 Per Step(ms) =       0.79
|         ns/day =     218.33   seconds/ns =     395.73
|
|     Average timings for all steps:
|     Elapsed(s) =      39.62 Per Step(ms) =       0.79
|         ns/day =     218.09   seconds/ns =     396.17
|     -----------------------------------------------------

|  Master Setup CPU time:            0.92 seconds
|  Master NonSetup CPU time:        39.48 seconds
|  Master Total CPU time:           40.40 seconds     0.01 hours

|  Master Setup wall time:           1    seconds
|  Master NonSetup wall time:       40    seconds
|  Master Total wall time:          41    seconds     0.01 hours
