
          -------------------------------------------------------
          Amber 16 PMEMD                              2016
          -------------------------------------------------------

| PMEMD implementation of SANDER, Release 16

| Run on 11/12/2020 at 17:26:53

|   Executable path: pmemd.cuda.MPI
| Working directory: /zfshomes/hpc175/comp260_Project/Hexanol/DYN
|          Hostname: n78

  [-O]verwriting output

File Assignments:
|   MDIN: Hexanol_wat_equil.in                                                  
|  MDOUT: Hexanol_wat_equil.out                                                 
| INPCRD: Hexanol_wat_heat.rst                                                  
|   PARM: Hexanol_wat.prmtop                                                    
| RESTRT: Hexanol_wat_equil.rst                                                 
|   REFC: Hexanol_wat_heat.rst                                                  
|  MDVEL: mdvel                                                                 
|   MDEN: mden                                                                  
|  MDCRD: Hexanol_wat_equil.mdcrd                                               
| MDINFO: mdinfo                                                                
|LOGFILE: logfile                                                               
|  MDFRC: mdfrc                                                                 


 Here is the input file:

PROJECT: Hexanol_wat: 100ps equil with no restraint                            
 &cntrl                                                                        
   imin   =0,                                                                  
   irest  =1,                                                                  
   ntx    =5,                                                                  
   ntb    =2,                                                                  
   pres0  =1.0,                                                                
   ntp    =1,                                                                  
   taup   =2.0,                                                                
   cut    =10,                                                                 
   ntr    =0,                                                                  
   ntc    =2,                                                                  
   ntf    =2,                                                                  
   tempi  =300.0,                                                              
   temp0  =300.0,                                                              
   ntt    =1,                                                                  
   nstlim =50000,                                                              
   dt     =0.002,                                                              
   ntpr   =1000,                                                               
   ntwx   =1000,                                                               
   ntwr   =10000,                                                              
   iwrap  =1,                                                                  
 &end                                                                          
END                                                                            


Note: ig = -1. Setting random seed to   927526 based on wallclock time in
      microseconds and disabling the synchronization of random numbers 
      between tasks to improve performance.
 
|--------------------- INFORMATION ----------------------
| GPU (CUDA) Version of PMEMD in use: NVIDIA GPU IN USE.
|                    Version 16.0.0
| 
|                      02/25/2016
| 
| Implementation by:
|                    Ross C. Walker     (SDSC)
|                    Scott Le Grand     (nVIDIA)
| 
| Precision model in use:
|      [SPFP] - Single Precision Forces, 64-bit Fixed Point
|               Accumulation. (Default)
| 
|--------------------------------------------------------
 
|----------------- CITATION INFORMATION -----------------
|
|    When publishing work that utilized the CUDA version
|    of AMBER, please cite the following in addition to
|    the regular AMBER citations:
|
|  - Romelia Salomon-Ferrer; Andreas W. Goetz; Duncan
|    Poole; Scott Le Grand; Ross C. Walker "Routine
|    microsecond molecular dynamics simulations with
|    AMBER - Part II: Particle Mesh Ewald", J. Chem.
|    Theory Comput., 2013, 9 (9), pp3878-3888,
|    DOI: 10.1021/ct400314y.
|
|  - Andreas W. Goetz; Mark J. Williamson; Dong Xu;
|    Duncan Poole; Scott Le Grand; Ross C. Walker
|    "Routine microsecond molecular dynamics simulations
|    with AMBER - Part I: Generalized Born", J. Chem.
|    Theory Comput., 2012, 8 (5), pp1542-1555.
|
|  - Scott Le Grand; Andreas W. Goetz; Ross C. Walker
|    "SPFP: Speed without compromise - a mixed precision
|    model for GPU accelerated molecular dynamics
|    simulations.", Comp. Phys. Comm., 2013, 184
|    pp374-380, DOI: 10.1016/j.cpc.2012.09.022
|
|--------------------------------------------------------
 
|------------------- GPU DEVICE INFO --------------------
|
|                         Task ID:      0
|            CUDA_VISIBLE_DEVICES: 1
|   CUDA Capable Devices Detected:      1
|           CUDA Device ID in use:      0
|                CUDA Device Name: GeForce GTX 1080 Ti
|     CUDA Device Global Mem Size:  11172 MB
| CUDA Device Num Multiprocessors:     28
|           CUDA Device Core Freq:   1.58 GHz
|
|--------------------------------------------------------
 
|---------------- GPU PEER TO PEER INFO -----------------
|
|   Peer to Peer support: ENABLED
|
|--------------------------------------------------------
 
 
| Conditional Compilation Defines Used:
| MPI
| PUBFFT
| BINTRAJ
| CUDA
| EMIL

| Largest sphere to fit in unit cell has radius =    31.547

| New format PARM file being parsed.
| Version =    1.000 Date = 11/11/20 Time = 21:01:45

| Note: 1-4 EEL scale factors are being read from the topology file.

| Note: 1-4 VDW scale factors are being read from the topology file.
| Duplicated    0 dihedrals

| Duplicated    0 dihedrals

--------------------------------------------------------------------------------
   1.  RESOURCE   USE: 
--------------------------------------------------------------------------------

 getting box info from netcdf restart file
 NATOM  =   21702 NTYPES =       6 NBONH =   21695 MBONA  =       6
 NTHETH =      32 MTHETA =       5 NPHIH =      47 MPHIA  =      10
 NHPARM =       0 NPARM  =       0 NNB   =   29014 NRES   =    7228
 NBONA  =       6 NTHETA =       5 NPHIA =      10 NUMBND =       7
 NUMANG =       8 NPTRA  =       9 NATYP =       7 NPHB   =       0
 IFBOX  =       1 NMXRS  =      21 IFCAP =       0 NEXTRA =       0
 NCOPY  =       0

| Coordinate Index Table dimensions:    11   10   10
| Direct force subcell size =     6.1215    6.3857    6.3093

     BOX TYPE: RECTILINEAR

--------------------------------------------------------------------------------
   2.  CONTROL  DATA  FOR  THE  RUN
--------------------------------------------------------------------------------

UNL                                                                             

General flags:
     imin    =       0, nmropt  =       0

Nature and format of input:
     ntx     =       5, irest   =       1, ntrx    =       1

Nature and format of output:
     ntxo    =       2, ntpr    =    1000, ntrx    =       1, ntwr    =   10000
     iwrap   =       1, ntwx    =    1000, ntwv    =       0, ntwe    =       0
     ioutfm  =       1, ntwprt  =       0, idecomp =       0, rbornstat=      0

Potential function:
     ntf     =       2, ntb     =       2, igb     =       0, nsnb    =      25
     ipol    =       0, gbsa    =       0, iesp    =       0
     dielc   =   1.00000, cut     =  10.00000, intdiel =   1.00000

Frozen or restrained atoms:
     ibelly  =       0, ntr     =       0

Molecular dynamics:
     nstlim  =     50000, nscm    =      1000, nrespa  =         1
     t       =   0.00000, dt      =   0.00200, vlimit  =  -1.00000

Berendsen (weak-coupling) temperature regulation:
     temp0   = 300.00000, tempi   = 300.00000, tautp   =   1.00000

Pressure regulation:
     ntp     =       1
     pres0   =   1.00000, comp    =  44.60000, taup    =   2.00000

SHAKE:
     ntc     =       2, jfastw  =       0
     tol     =   0.00001

| Intermolecular bonds treatment:
|     no_intermolecular_bonds =       1

| Energy averages sample interval:
|     ene_avg_sampling =    1000

Ewald parameters:
     verbose =       0, ew_type =       0, nbflag  =       1, use_pme =       1
     vdwmeth =       1, eedmeth =       1, netfrc  =       1
     Box X =   67.337   Box Y =   63.857   Box Z =   63.093
     Alpha =   90.000   Beta  =   90.000   Gamma =   90.000
     NFFT1 =   64       NFFT2 =   64       NFFT3 =   64
     Cutoff=   10.000   Tol   =0.100E-04
     Ewald Coefficient =  0.27511
     Interpolation order =    4

| PMEMD ewald parallel performance parameters:
|     block_fft =    0
|     fft_blk_y_divisor =    2
|     excl_recip =    0
|     excl_master =    0
|     atm_redist_freq =  320

--------------------------------------------------------------------------------
   3.  ATOMIC COORDINATES AND VELOCITIES
--------------------------------------------------------------------------------

UNL                                                                             
 begin time read from input coords =    20.000 ps

 
 Number of triangulated 3-point waters found:     7227

     Sum of charges from parm topology file =  -0.00100100
     Forcing neutrality...

| Dynamic Memory, Types Used:
| Reals             1250275
| Integers           823575

| Nonbonded Pairs Initial Allocation:     8502843

| GPU memory information (estimate):
| KB of GPU memory in use:     94523
| KB of CPU memory in use:     30210

| Running AMBER/MPI version on    1 MPI task

 
--------------------------------------------------------------------------------
   4.  RESULTS
--------------------------------------------------------------------------------

 ---------------------------------------------------
 APPROXIMATING switch and d/dx switch using CUBIC SPLINE INTERPOLATION
 using   5000.0 points per unit in tabled values
 TESTING RELATIVE ERROR over r ranging from 0.0 to cutoff
| CHECK switch(x): max rel err =   0.2738E-14   at   2.422500
| CHECK d/dx switch(x): max rel err =   0.8314E-11   at   2.736960
 ---------------------------------------------------
|---------------------------------------------------
| APPROXIMATING direct energy using CUBIC SPLINE INTERPOLATION
|  with   50.0 points per unit in tabled values
| Relative Error Limit not exceeded for r .gt.   2.33
| APPROXIMATING direct force using CUBIC SPLINE INTERPOLATION
|  with   50.0 points per unit in tabled values
| Relative Error Limit not exceeded for r .gt.   2.80
|---------------------------------------------------
check COM velocity, temp:        0.000938     0.00(Removed)

 NSTEP =     1000   TIME(PS) =      22.000  TEMP(K) =   302.29  PRESS =  -384.2
 Etot   =    -54431.7138  EKtot   =     13037.7461  EPtot      =    -67469.4599
 BOND   =         0.9338  ANGLE   =         9.2231  DIHED      =         4.6957
 1-4 NB =         1.7487  1-4 EEL =        -3.6637  VDWAALS    =     10091.2892
 EELEC  =    -77573.6865  EHBOND  =         0.0000  RESTRAINT  =         0.0000
 EKCMT  =      6594.5512  VIRIAL  =      8800.3783  VOLUME     =    265931.9553
                                                    Density    =         0.8137
 ------------------------------------------------------------------------------

check COM velocity, temp:        0.000003     0.00(Removed)

 NSTEP =     2000   TIME(PS) =      24.000  TEMP(K) =   301.32  PRESS =  -256.4
 Etot   =    -54691.1888  EKtot   =     12995.9834  EPtot      =    -67687.1722
 BOND   =         2.9253  ANGLE   =        14.3865  DIHED      =         3.2683
 1-4 NB =         0.7699  1-4 EEL =        -1.5220  VDWAALS    =     10192.6566
 EELEC  =    -77899.6569  EHBOND  =         0.0000  RESTRAINT  =         0.0000
 EKCMT  =      6527.4649  VIRIAL  =      7971.5415  VOLUME     =    260884.9648
                                                    Density    =         0.8294
 ------------------------------------------------------------------------------

check COM velocity, temp:        0.000007     0.00(Removed)

 NSTEP =     3000   TIME(PS) =      26.000  TEMP(K) =   301.97  PRESS =  -369.5
 Etot   =    -54879.0141  EKtot   =     13024.1357  EPtot      =    -67903.1498
 BOND   =         2.4460  ANGLE   =         7.0717  DIHED      =         4.4771
 1-4 NB =         2.1230  1-4 EEL =        -1.9333  VDWAALS    =     10186.2372
 EELEC  =    -78103.5715  EHBOND  =         0.0000  RESTRAINT  =         0.0000
 EKCMT  =      6542.5619  VIRIAL  =      8593.3177  VOLUME     =    257058.5338
                                                    Density    =         0.8417
 ------------------------------------------------------------------------------

check COM velocity, temp:        0.000003     0.00(Removed)

 NSTEP =     4000   TIME(PS) =      28.000  TEMP(K) =   298.10  PRESS =  -701.8
 Etot   =    -55025.6904  EKtot   =     12857.2334  EPtot      =    -67882.9238
 BOND   =         2.7310  ANGLE   =        10.4620  DIHED      =         5.2348
 1-4 NB =         1.4421  1-4 EEL =        -2.2471  VDWAALS    =      9818.0372
 EELEC  =    -77718.5839  EHBOND  =         0.0000  RESTRAINT  =         0.0000
 EKCMT  =      6462.4025  VIRIAL  =     10281.8213  VOLUME     =    252050.2410
                                                    Density    =         0.8585
 ------------------------------------------------------------------------------

check COM velocity, temp:        0.000003     0.00(Removed)

 NSTEP =     5000   TIME(PS) =      30.000  TEMP(K) =   296.25  PRESS =  -479.1
 Etot   =    -55134.9315  EKtot   =     12777.3359  EPtot      =    -67912.2675
 BOND   =         1.6925  ANGLE   =         7.9476  DIHED      =         4.2312
 1-4 NB =         1.9293  1-4 EEL =        -2.9734  VDWAALS    =      9998.6853
 EELEC  =    -77923.7801  EHBOND  =         0.0000  RESTRAINT  =         0.0000
 EKCMT  =      6378.0155  VIRIAL  =      8934.7457  VOLUME     =    247152.2970
                                                    Density    =         0.8755
 ------------------------------------------------------------------------------

check COM velocity, temp:        0.000011     0.00(Removed)

 NSTEP =     6000   TIME(PS) =      32.000  TEMP(K) =   302.73  PRESS =  -377.7
 Etot   =    -55234.2133  EKtot   =     13056.5732  EPtot      =    -68290.7865
 BOND   =         1.4148  ANGLE   =         9.3423  DIHED      =         3.6603
 1-4 NB =         2.0890  1-4 EEL =        -3.8030  VDWAALS    =     10245.0618
 EELEC  =    -78548.5518  EHBOND  =         0.0000  RESTRAINT  =         0.0000
 EKCMT  =      6505.3207  VIRIAL  =      8486.0950  VOLUME     =    242906.9998
                                                    Density    =         0.8908
 ------------------------------------------------------------------------------

check COM velocity, temp:        0.000004     0.00(Removed)

 NSTEP =     7000   TIME(PS) =      34.000  TEMP(K) =   298.60  PRESS =  -553.3
 Etot   =    -55323.2926  EKtot   =     12878.4297  EPtot      =    -68201.7223
 BOND   =         2.1730  ANGLE   =        13.0831  DIHED      =         3.1287
 1-4 NB =         1.6510  1-4 EEL =        -2.8229  VDWAALS    =      9965.7134
 EELEC  =    -78184.6486  EHBOND  =         0.0000  RESTRAINT  =         0.0000
 EKCMT  =      6440.3850  VIRIAL  =      9294.4581  VOLUME     =    238909.7404
                                                    Density    =         0.9057
 ------------------------------------------------------------------------------

check COM velocity, temp:        0.000012     0.00(Removed)

 NSTEP =     8000   TIME(PS) =      36.000  TEMP(K) =   299.57  PRESS =  -402.2
 Etot   =    -55414.7204  EKtot   =     12920.3633  EPtot      =    -68335.0837
 BOND   =         1.3978  ANGLE   =         8.9437  DIHED      =         4.6072
 1-4 NB =         2.7985  1-4 EEL =        -2.5404  VDWAALS    =     10158.6088
 EELEC  =    -78508.8993  EHBOND  =         0.0000  RESTRAINT  =         0.0000
 EKCMT  =      6449.7703  VIRIAL  =      8491.4660  VOLUME     =    235096.5965
                                                    Density    =         0.9204
 ------------------------------------------------------------------------------

check COM velocity, temp:        0.000004     0.00(Removed)

 NSTEP =     9000   TIME(PS) =      38.000  TEMP(K) =   301.12  PRESS =  -374.8
 Etot   =    -55489.5968  EKtot   =     12987.1689  EPtot      =    -68476.7657
 BOND   =         1.0923  ANGLE   =        10.2707  DIHED      =         3.9753
 1-4 NB =         2.8425  1-4 EEL =        -1.6807  VDWAALS    =     10138.7090
 EELEC  =    -78631.9749  EHBOND  =         0.0000  RESTRAINT  =         0.0000
 EKCMT  =      6487.8896  VIRIAL  =      8357.2008  VOLUME     =    231014.7142
                                                    Density    =         0.9366
 ------------------------------------------------------------------------------

check COM velocity, temp:        0.000007     0.00(Removed)

 NSTEP =    10000   TIME(PS) =      40.000  TEMP(K) =   301.21  PRESS =  -416.2
 Etot   =    -55541.6820  EKtot   =     12991.2246  EPtot      =    -68532.9066
 BOND   =         1.5253  ANGLE   =         8.6316  DIHED      =         9.4544
 1-4 NB =         3.0156  1-4 EEL =        -2.8519  VDWAALS    =     10064.7491
 EELEC  =    -78617.4306  EHBOND  =         0.0000  RESTRAINT  =         0.0000
 EKCMT  =      6475.9317  VIRIAL  =      8523.1533  VOLUME     =    227807.9916
                                                    Density    =         0.9498
 ------------------------------------------------------------------------------

check COM velocity, temp:        0.000002     0.00(Removed)

 NSTEP =    11000   TIME(PS) =      42.000  TEMP(K) =   302.26  PRESS =  -173.1
 Etot   =    -55650.2769  EKtot   =     13036.6709  EPtot      =    -68686.9478
 BOND   =         2.2261  ANGLE   =         5.7150  DIHED      =         4.3852
 1-4 NB =         2.4145  1-4 EEL =        -2.5810  VDWAALS    =     10300.8396
 EELEC  =    -78999.9473  EHBOND  =         0.0000  RESTRAINT  =         0.0000
 EKCMT  =      6579.8299  VIRIAL  =      7422.6110  VOLUME     =    225547.0104
                                                    Density    =         0.9593
 ------------------------------------------------------------------------------

check COM velocity, temp:        0.000007     0.00(Removed)

 NSTEP =    12000   TIME(PS) =      44.000  TEMP(K) =   299.08  PRESS =  -209.8
 Etot   =    -55726.1588  EKtot   =     12899.3584  EPtot      =    -68625.5172
 BOND   =         3.6799  ANGLE   =        10.1452  DIHED      =         5.9938
 1-4 NB =         1.3249  1-4 EEL =        -2.1459  VDWAALS    =     10182.8735
 EELEC  =    -78827.3886  EHBOND  =         0.0000  RESTRAINT  =         0.0000
 EKCMT  =      6463.0185  VIRIAL  =      7472.4122  VOLUME     =    222856.8515
                                                    Density    =         0.9709
 ------------------------------------------------------------------------------

check COM velocity, temp:        0.000011     0.00(Removed)

 NSTEP =    13000   TIME(PS) =      46.000  TEMP(K) =   301.73  PRESS =   105.1
 Etot   =    -55766.9940  EKtot   =     13013.4219  EPtot      =    -68780.4158
 BOND   =         0.2539  ANGLE   =         8.9552  DIHED      =         3.6824
 1-4 NB =         2.0049  1-4 EEL =        -1.8854  VDWAALS    =     10433.4398
 EELEC  =    -79226.8665  EHBOND  =         0.0000  RESTRAINT  =         0.0000
 EKCMT  =      6577.2626  VIRIAL  =      6073.7685  VOLUME     =    221794.4770
                                                    Density    =         0.9756
 ------------------------------------------------------------------------------

check COM velocity, temp:        0.000006     0.00(Removed)

 NSTEP =    14000   TIME(PS) =      48.000  TEMP(K) =   299.96  PRESS =   -68.3
 Etot   =    -55857.7152  EKtot   =     12937.2910  EPtot      =    -68795.0062
 BOND   =         0.7064  ANGLE   =        10.9045  DIHED      =         3.9391
 1-4 NB =         2.2886  1-4 EEL =        -1.6792  VDWAALS    =     10248.2026
 EELEC  =    -79059.3682  EHBOND  =         0.0000  RESTRAINT  =         0.0000
 EKCMT  =      6475.9512  VIRIAL  =      6801.9248  VOLUME     =    221031.0137
                                                    Density    =         0.9789
 ------------------------------------------------------------------------------

check COM velocity, temp:        0.000004     0.00(Removed)

 NSTEP =    15000   TIME(PS) =      50.000  TEMP(K) =   301.91  PRESS =   -29.6
 Etot   =    -55894.0058  EKtot   =     13021.3193  EPtot      =    -68915.3252
 BOND   =         1.0942  ANGLE   =         8.3284  DIHED      =         4.1397
 1-4 NB =         1.3029  1-4 EEL =        -1.9216  VDWAALS    =     10279.1258
 EELEC  =    -79207.3945  EHBOND  =         0.0000  RESTRAINT  =         0.0000
 EKCMT  =      6534.2817  VIRIAL  =      6675.4989  VOLUME     =    220638.9733
                                                    Density    =         0.9807
 ------------------------------------------------------------------------------

check COM velocity, temp:        0.000003     0.00(Removed)

 NSTEP =    16000   TIME(PS) =      52.000  TEMP(K) =   300.91  PRESS =    30.5
 Etot   =    -55939.4969  EKtot   =     12978.0830  EPtot      =    -68917.5800
 BOND   =         3.3986  ANGLE   =         8.1916  DIHED      =         4.1172
 1-4 NB =         1.8977  1-4 EEL =        -2.2501  VDWAALS    =     10292.3523
 EELEC  =    -79225.2873  EHBOND  =         0.0000  RESTRAINT  =         0.0000
 EKCMT  =      6528.6881  VIRIAL  =      6383.8497  VOLUME     =    220253.5423
                                                    Density    =         0.9824
 ------------------------------------------------------------------------------

check COM velocity, temp:        0.000008     0.00(Removed)

 NSTEP =    17000   TIME(PS) =      54.000  TEMP(K) =   300.00  PRESS =  -180.4
 Etot   =    -55971.5426  EKtot   =     12938.9463  EPtot      =    -68910.4889
 BOND   =         0.7130  ANGLE   =         7.8554  DIHED      =         5.4558
 1-4 NB =         2.5156  1-4 EEL =        -4.0050  VDWAALS    =     10125.5581
 EELEC  =    -79048.5818  EHBOND  =         0.0000  RESTRAINT  =         0.0000
 EKCMT  =      6534.7163  VIRIAL  =      7390.9306  VOLUME     =    219802.5432
                                                    Density    =         0.9844
 ------------------------------------------------------------------------------

check COM velocity, temp:        0.000010     0.00(Removed)

 NSTEP =    18000   TIME(PS) =      56.000  TEMP(K) =   301.27  PRESS =  -125.4
 Etot   =    -56022.0665  EKtot   =     12993.6709  EPtot      =    -69015.7374
 BOND   =         1.2319  ANGLE   =         9.9451  DIHED      =         3.5333
 1-4 NB =         1.7448  1-4 EEL =        -3.4944  VDWAALS    =     10195.7316
 EELEC  =    -79224.4297  EHBOND  =         0.0000  RESTRAINT  =         0.0000
 EKCMT  =      6552.8529  VIRIAL  =      7148.3157  VOLUME     =    219906.7247
                                                    Density    =         0.9840
 ------------------------------------------------------------------------------

check COM velocity, temp:        0.000003     0.00(Removed)

 NSTEP =    19000   TIME(PS) =      58.000  TEMP(K) =   300.12  PRESS =   -59.0
 Etot   =    -56024.5806  EKtot   =     12944.2246  EPtot      =    -68968.8052
 BOND   =         1.1582  ANGLE   =        10.2864  DIHED      =         4.7934
 1-4 NB =         1.3515  1-4 EEL =        -1.9547  VDWAALS    =     10251.9301
 EELEC  =    -79236.3700  EHBOND  =         0.0000  RESTRAINT  =         0.0000
 EKCMT  =      6466.6603  VIRIAL  =      6746.7027  VOLUME     =    220007.8056
                                                    Density    =         0.9835
 ------------------------------------------------------------------------------

check COM velocity, temp:        0.000007     0.00(Removed)

 NSTEP =    20000   TIME(PS) =      60.000  TEMP(K) =   301.36  PRESS =    40.0
 Etot   =    -56051.1145  EKtot   =     12997.8682  EPtot      =    -69048.9826
 BOND   =         2.7709  ANGLE   =         8.5113  DIHED      =         3.2222
 1-4 NB =         1.4141  1-4 EEL =        -1.8346  VDWAALS    =     10426.0883
 EELEC  =    -79489.1548  EHBOND  =         0.0000  RESTRAINT  =         0.0000
 EKCMT  =      6499.1029  VIRIAL  =      6308.5083  VOLUME     =    220633.2492
                                                    Density    =         0.9807
 ------------------------------------------------------------------------------

check COM velocity, temp:        0.000007     0.00(Removed)

 NSTEP =    21000   TIME(PS) =      62.000  TEMP(K) =   300.97  PRESS =   -61.1
 Etot   =    -56026.7826  EKtot   =     12980.9971  EPtot      =    -69007.7796
 BOND   =         1.6420  ANGLE   =        11.6508  DIHED      =         4.7665
 1-4 NB =         1.7067  1-4 EEL =        -3.0625  VDWAALS    =     10320.4225
 EELEC  =    -79344.9056  EHBOND  =         0.0000  RESTRAINT  =         0.0000
 EKCMT  =      6450.8501  VIRIAL  =      6741.8295  VOLUME     =    220490.1792
                                                    Density    =         0.9814
 ------------------------------------------------------------------------------

check COM velocity, temp:        0.000003     0.00(Removed)

 NSTEP =    22000   TIME(PS) =      64.000  TEMP(K) =   302.75  PRESS =  -222.4
 Etot   =    -56021.1236  EKtot   =     13057.6611  EPtot      =    -69078.7847
 BOND   =         1.4335  ANGLE   =         8.0940  DIHED      =         3.3547
 1-4 NB =         0.9291  1-4 EEL =        -3.1330  VDWAALS    =     10112.7713
 EELEC  =    -79202.2343  EHBOND  =         0.0000  RESTRAINT  =         0.0000
 EKCMT  =      6618.0237  VIRIAL  =      7676.5014  VOLUME     =    220425.4625
                                                    Density    =         0.9816
 ------------------------------------------------------------------------------

check COM velocity, temp:        0.000005     0.00(Removed)

 NSTEP =    23000   TIME(PS) =      66.000  TEMP(K) =   297.95  PRESS =  -190.0
 Etot   =    -55998.2523  EKtot   =     12850.7588  EPtot      =    -68849.0111
 BOND   =         2.6045  ANGLE   =         5.7452  DIHED      =         3.8079
 1-4 NB =         1.4122  1-4 EEL =        -1.3846  VDWAALS    =     10108.1867
 EELEC  =    -78969.3830  EHBOND  =         0.0000  RESTRAINT  =         0.0000
 EKCMT  =      6481.5622  VIRIAL  =      7384.2292  VOLUME     =    220067.3607
                                                    Density    =         0.9832
 ------------------------------------------------------------------------------

check COM velocity, temp:        0.000008     0.00(Removed)

 NSTEP =    24000   TIME(PS) =      68.000  TEMP(K) =   303.39  PRESS =   -72.6
 Etot   =    -56004.9088  EKtot   =     13085.1885  EPtot      =    -69090.0973
 BOND   =         0.8979  ANGLE   =        11.2305  DIHED      =         3.3420
 1-4 NB =         1.4896  1-4 EEL =        -3.0122  VDWAALS    =     10279.7273
 EELEC  =    -79383.7724  EHBOND  =         0.0000  RESTRAINT  =         0.0000
 EKCMT  =      6634.3143  VIRIAL  =      6979.3692  VOLUME     =    220174.9291
                                                    Density    =         0.9828
 ------------------------------------------------------------------------------

check COM velocity, temp:        0.000008     0.00(Removed)

 NSTEP =    25000   TIME(PS) =      70.000  TEMP(K) =   299.58  PRESS =    82.1
 Etot   =    -55998.6156  EKtot   =     12920.7842  EPtot      =    -68919.3998
 BOND   =         1.6577  ANGLE   =         8.6115  DIHED      =         3.5853
 1-4 NB =         1.2632  1-4 EEL =        -1.9906  VDWAALS    =     10381.9062
 EELEC  =    -79314.4330  EHBOND  =         0.0000  RESTRAINT  =         0.0000
 EKCMT  =      6531.0494  VIRIAL  =      6140.4600  VOLUME     =    220242.7816
                                                    Density    =         0.9825
 ------------------------------------------------------------------------------

check COM velocity, temp:        0.000008     0.00(Removed)

 NSTEP =    26000   TIME(PS) =      72.000  TEMP(K) =   297.94  PRESS =    76.8
 Etot   =    -56009.4800  EKtot   =     12849.9443  EPtot      =    -68859.4243
 BOND   =         0.8419  ANGLE   =         8.6001  DIHED      =         3.6244
 1-4 NB =         2.3147  1-4 EEL =        -2.2849  VDWAALS    =     10356.7342
 EELEC  =    -79229.2546  EHBOND  =         0.0000  RESTRAINT  =         0.0000
 EKCMT  =      6441.0400  VIRIAL  =      6076.5836  VOLUME     =    219873.9923
                                                    Density    =         0.9841
 ------------------------------------------------------------------------------

check COM velocity, temp:        0.000006     0.00(Removed)

 NSTEP =    27000   TIME(PS) =      74.000  TEMP(K) =   298.78  PRESS =    86.6
 Etot   =    -55980.6965  EKtot   =     12886.4551  EPtot      =    -68867.1516
 BOND   =         0.9268  ANGLE   =         8.9002  DIHED      =         3.9116
 1-4 NB =         1.5452  1-4 EEL =        -3.0971  VDWAALS    =     10390.7328
 EELEC  =    -79270.0709  EHBOND  =         0.0000  RESTRAINT  =         0.0000
 EKCMT  =      6408.8442  VIRIAL  =      5997.4130  VOLUME     =    220082.3968
                                                    Density    =         0.9832
 ------------------------------------------------------------------------------

check COM velocity, temp:        0.000005     0.00(Removed)

 NSTEP =    28000   TIME(PS) =      76.000  TEMP(K) =   299.72  PRESS =  -153.1
 Etot   =    -55975.5847  EKtot   =     12926.8916  EPtot      =    -68902.4763
 BOND   =         3.0696  ANGLE   =         8.1195  DIHED      =         4.4813
 1-4 NB =         1.8640  1-4 EEL =        -2.6392  VDWAALS    =     10116.6487
 EELEC  =    -79034.0202  EHBOND  =         0.0000  RESTRAINT  =         0.0000
 EKCMT  =      6537.3252  VIRIAL  =      7265.5329  VOLUME     =    220229.6297
                                                    Density    =         0.9825
 ------------------------------------------------------------------------------

check COM velocity, temp:        0.000010     0.00(Removed)

 NSTEP =    29000   TIME(PS) =      78.000  TEMP(K) =   301.77  PRESS =    37.4
 Etot   =    -55971.4503  EKtot   =     13015.4922  EPtot      =    -68986.9425
 BOND   =         1.3971  ANGLE   =         9.3178  DIHED      =         4.0506
 1-4 NB =         2.1148  1-4 EEL =        -1.9296  VDWAALS    =     10392.5205
 EELEC  =    -79394.4138  EHBOND  =         0.0000  RESTRAINT  =         0.0000
 EKCMT  =      6507.6587  VIRIAL  =      6330.0315  VOLUME     =    220103.3617
                                                    Density    =         0.9831
 ------------------------------------------------------------------------------

check COM velocity, temp:        0.000012     0.00(Removed)

 NSTEP =    30000   TIME(PS) =      80.000  TEMP(K) =   300.21  PRESS =    71.4
 Etot   =    -55985.6989  EKtot   =     12948.1875  EPtot      =    -68933.8864
 BOND   =         2.5522  ANGLE   =         9.2507  DIHED      =         3.8941
 1-4 NB =         1.8467  1-4 EEL =        -2.0273  VDWAALS    =     10351.4322
 EELEC  =    -79300.8350  EHBOND  =         0.0000  RESTRAINT  =         0.0000
 EKCMT  =      6502.3605  VIRIAL  =      6163.3559  VOLUME     =    219911.6635
                                                    Density    =         0.9839
 ------------------------------------------------------------------------------

check COM velocity, temp:        0.000007     0.00(Removed)

 NSTEP =    31000   TIME(PS) =      82.000  TEMP(K) =   302.59  PRESS =  -220.3
 Etot   =    -56007.4561  EKtot   =     13050.5137  EPtot      =    -69057.9698
 BOND   =         3.6709  ANGLE   =        11.7342  DIHED      =         2.9872
 1-4 NB =         0.6610  1-4 EEL =        -0.5144  VDWAALS    =     10132.0324
 EELEC  =    -79208.5410  EHBOND  =         0.0000  RESTRAINT  =         0.0000
 EKCMT  =      6546.4540  VIRIAL  =      7592.3219  VOLUME     =    219918.0540
                                                    Density    =         0.9839
 ------------------------------------------------------------------------------

check COM velocity, temp:        0.000004     0.00(Removed)

 NSTEP =    32000   TIME(PS) =      84.000  TEMP(K) =   299.10  PRESS =    66.9
 Etot   =    -55997.6119  EKtot   =     12900.2285  EPtot      =    -68897.8404
 BOND   =         1.5854  ANGLE   =        15.6130  DIHED      =         6.1029
 1-4 NB =         1.8645  1-4 EEL =        -1.7414  VDWAALS    =     10368.8259
 EELEC  =    -79290.0908  EHBOND  =         0.0000  RESTRAINT  =         0.0000
 EKCMT  =      6453.8457  VIRIAL  =      6135.5816  VOLUME     =    220196.8962
                                                    Density    =         0.9827
 ------------------------------------------------------------------------------

check COM velocity, temp:        0.000006     0.00(Removed)

 NSTEP =    33000   TIME(PS) =      86.000  TEMP(K) =   299.14  PRESS =    34.7
 Etot   =    -55993.2731  EKtot   =     12902.1172  EPtot      =    -68895.3903
 BOND   =         1.2104  ANGLE   =        11.4768  DIHED      =         3.6539
 1-4 NB =         2.1686  1-4 EEL =        -1.0058  VDWAALS    =     10302.3689
 EELEC  =    -79215.2631  EHBOND  =         0.0000  RESTRAINT  =         0.0000
 EKCMT  =      6460.9339  VIRIAL  =      6296.1307  VOLUME     =    219934.2067
                                                    Density    =         0.9838
 ------------------------------------------------------------------------------

check COM velocity, temp:        0.000006     0.00(Removed)

 NSTEP =    34000   TIME(PS) =      88.000  TEMP(K) =   297.89  PRESS =   137.9
 Etot   =    -56030.0742  EKtot   =     12847.8506  EPtot      =    -68877.9248
 BOND   =         1.9685  ANGLE   =         7.6573  DIHED      =         3.3373
 1-4 NB =         1.6735  1-4 EEL =        -0.2642  VDWAALS    =     10395.4595
 EELEC  =    -79287.7568  EHBOND  =         0.0000  RESTRAINT  =         0.0000
 EKCMT  =      6488.8682  VIRIAL  =      5833.4130  VOLUME     =    220083.1444
                                                    Density    =         0.9832
 ------------------------------------------------------------------------------

check COM velocity, temp:        0.000007     0.00(Removed)

 NSTEP =    35000   TIME(PS) =      90.000  TEMP(K) =   299.21  PRESS =   -74.0
 Etot   =    -56006.1498  EKtot   =     12905.0137  EPtot      =    -68911.1635
 BOND   =         2.8326  ANGLE   =         9.3690  DIHED      =         3.8745
 1-4 NB =         2.7917  1-4 EEL =        -2.4182  VDWAALS    =     10206.1973
 EELEC  =    -79133.8104  EHBOND  =         0.0000  RESTRAINT  =         0.0000
 EKCMT  =      6482.2035  VIRIAL  =      6833.7879  VOLUME     =    220146.9588
                                                    Density    =         0.9829
 ------------------------------------------------------------------------------

check COM velocity, temp:        0.000007     0.00(Removed)

 NSTEP =    36000   TIME(PS) =      92.000  TEMP(K) =   301.30  PRESS =   -64.9
 Etot   =    -55990.3907  EKtot   =     12995.0205  EPtot      =    -68985.4112
 BOND   =         4.2054  ANGLE   =        10.4187  DIHED      =         3.8454
 1-4 NB =         1.2707  1-4 EEL =        -0.6185  VDWAALS    =     10228.5046
 EELEC  =    -79233.0374  EHBOND  =         0.0000  RESTRAINT  =         0.0000
 EKCMT  =      6511.9225  VIRIAL  =      6820.2364  VOLUME     =    220148.5040
                                                    Density    =         0.9829
 ------------------------------------------------------------------------------

check COM velocity, temp:        0.000009     0.00(Removed)

 NSTEP =    37000   TIME(PS) =      94.000  TEMP(K) =   297.49  PRESS =    65.6
 Etot   =    -55951.7129  EKtot   =     12830.6748  EPtot      =    -68782.3877
 BOND   =         3.6714  ANGLE   =        13.7967  DIHED      =         4.4883
 1-4 NB =         1.6713  1-4 EEL =        -1.8901  VDWAALS    =     10305.4184
 EELEC  =    -79109.5437  EHBOND  =         0.0000  RESTRAINT  =         0.0000
 EKCMT  =      6530.5880  VIRIAL  =      6218.7014  VOLUME     =    220295.4858
                                                    Density    =         0.9822
 ------------------------------------------------------------------------------

check COM velocity, temp:        0.000008     0.00(Removed)

 NSTEP =    38000   TIME(PS) =      96.000  TEMP(K) =   299.86  PRESS =   -50.5
 Etot   =    -55983.0811  EKtot   =     12932.8164  EPtot      =    -68915.8975
 BOND   =         2.5110  ANGLE   =        10.6231  DIHED      =         3.7596
 1-4 NB =         2.3074  1-4 EEL =        -1.7708  VDWAALS    =     10256.8606
 EELEC  =    -79190.1884  EHBOND  =         0.0000  RESTRAINT  =         0.0000
 EKCMT  =      6527.4626  VIRIAL  =      6767.4176  VOLUME     =    220106.8692
                                                    Density    =         0.9831
 ------------------------------------------------------------------------------

check COM velocity, temp:        0.000004     0.00(Removed)

 NSTEP =    39000   TIME(PS) =      98.000  TEMP(K) =   301.96  PRESS =  -266.8
 Etot   =    -56017.6385  EKtot   =     13023.5781  EPtot      =    -69041.2166
 BOND   =         2.2533  ANGLE   =         9.5637  DIHED      =         3.3704
 1-4 NB =         1.5273  1-4 EEL =        -1.2436  VDWAALS    =     10071.9472
 EELEC  =    -79128.6348  EHBOND  =         0.0000  RESTRAINT  =         0.0000
 EKCMT  =      6554.4154  VIRIAL  =      7823.3122  VOLUME     =    220306.6583
                                                    Density    =         0.9822
 ------------------------------------------------------------------------------

check COM velocity, temp:        0.000005     0.00(Removed)

 NSTEP =    40000   TIME(PS) =     100.000  TEMP(K) =   299.72  PRESS =    25.5
 Etot   =    -56025.6644  EKtot   =     12927.0518  EPtot      =    -68952.7161
 BOND   =         0.5395  ANGLE   =         8.0772  DIHED      =         4.5487
 1-4 NB =         2.1403  1-4 EEL =        -1.3173  VDWAALS    =     10322.7696
 EELEC  =    -79289.4741  EHBOND  =         0.0000  RESTRAINT  =         0.0000
 EKCMT  =      6400.0889  VIRIAL  =      6278.8436  VOLUME     =    219925.5266
                                                    Density    =         0.9839
 ------------------------------------------------------------------------------

check COM velocity, temp:        0.000004     0.00(Removed)

 NSTEP =    41000   TIME(PS) =     102.000  TEMP(K) =   303.82  PRESS =  -133.7
 Etot   =    -56054.4817  EKtot   =     13103.5811  EPtot      =    -69158.0627
 BOND   =         2.1657  ANGLE   =         9.1211  DIHED      =         3.3158
 1-4 NB =         1.5836  1-4 EEL =        -0.1714  VDWAALS    =     10252.8602
 EELEC  =    -79426.9377  EHBOND  =         0.0000  RESTRAINT  =         0.0000
 EKCMT  =      6648.9304  VIRIAL  =      7283.5579  VOLUME     =    219773.6787
                                                    Density    =         0.9846
 ------------------------------------------------------------------------------

check COM velocity, temp:        0.000011     0.00(Removed)

 NSTEP =    42000   TIME(PS) =     104.000  TEMP(K) =   299.10  PRESS =    19.5
 Etot   =    -56055.2621  EKtot   =     12900.3223  EPtot      =    -68955.5844
 BOND   =         0.6783  ANGLE   =        11.1762  DIHED      =         4.0620
 1-4 NB =         2.2376  1-4 EEL =        -0.4644  VDWAALS    =     10385.8416
 EELEC  =    -79359.1157  EHBOND  =         0.0000  RESTRAINT  =         0.0000
 EKCMT  =      6446.3469  VIRIAL  =      6353.6189  VOLUME     =    220059.0548
                                                    Density    =         0.9833
 ------------------------------------------------------------------------------

check COM velocity, temp:        0.000004     0.00(Removed)

 NSTEP =    43000   TIME(PS) =     106.000  TEMP(K) =   301.29  PRESS =   -81.1
 Etot   =    -56039.9510  EKtot   =     12994.6650  EPtot      =    -69034.6161
 BOND   =         0.7306  ANGLE   =         8.3705  DIHED      =         2.7602
 1-4 NB =         2.0535  1-4 EEL =        -0.8994  VDWAALS    =     10254.2882
 EELEC  =    -79301.9195  EHBOND  =         0.0000  RESTRAINT  =         0.0000
 EKCMT  =      6521.7543  VIRIAL  =      6906.7928  VOLUME     =    219917.7651
                                                    Density    =         0.9839
 ------------------------------------------------------------------------------

check COM velocity, temp:        0.000008     0.00(Removed)

 NSTEP =    44000   TIME(PS) =     108.000  TEMP(K) =   298.17  PRESS =    25.6
 Etot   =    -55999.6115  EKtot   =     12859.9092  EPtot      =    -68859.5207
 BOND   =         1.4247  ANGLE   =         8.7005  DIHED      =         4.2008
 1-4 NB =         1.6954  1-4 EEL =        -1.5521  VDWAALS    =     10259.1686
 EELEC  =    -79133.1587  EHBOND  =         0.0000  RESTRAINT  =         0.0000
 EKCMT  =      6480.8552  VIRIAL  =      6359.5321  VOLUME     =    219644.0171
                                                    Density    =         0.9851
 ------------------------------------------------------------------------------

check COM velocity, temp:        0.000006     0.00(Removed)

 NSTEP =    45000   TIME(PS) =     110.000  TEMP(K) =   300.73  PRESS =   -10.8
 Etot   =    -56011.3184  EKtot   =     12970.5488  EPtot      =    -68981.8673
 BOND   =         2.2436  ANGLE   =         8.3049  DIHED      =         3.4734
 1-4 NB =         1.9690  1-4 EEL =        -1.8760  VDWAALS    =     10293.2182
 EELEC  =    -79289.2005  EHBOND  =         0.0000  RESTRAINT  =         0.0000
 EKCMT  =      6468.3680  VIRIAL  =      6519.4716  VOLUME     =    219933.2867
                                                    Density    =         0.9838
 ------------------------------------------------------------------------------

check COM velocity, temp:        0.000003     0.00(Removed)

 NSTEP =    46000   TIME(PS) =     112.000  TEMP(K) =   300.60  PRESS =   220.2
 Etot   =    -55990.5120  EKtot   =     12965.0625  EPtot      =    -68955.5745
 BOND   =         0.8867  ANGLE   =         7.2512  DIHED      =         4.9290
 1-4 NB =         2.6724  1-4 EEL =        -1.9968  VDWAALS    =     10507.3944
 EELEC  =    -79476.7114  EHBOND  =         0.0000  RESTRAINT  =         0.0000
 EKCMT  =      6495.2630  VIRIAL  =      5450.6690  VOLUME     =    219721.5868
                                                    Density    =         0.9848
 ------------------------------------------------------------------------------

check COM velocity, temp:        0.000001     0.00(Removed)

 NSTEP =    47000   TIME(PS) =     114.000  TEMP(K) =   296.26  PRESS =  -177.8
 Etot   =    -55997.2433  EKtot   =     12777.7686  EPtot      =    -68775.0118
 BOND   =         2.8656  ANGLE   =         8.0492  DIHED      =         3.8661
 1-4 NB =         1.2831  1-4 EEL =        -1.0264  VDWAALS    =     10068.0785
 EELEC  =    -78858.1279  EHBOND  =         0.0000  RESTRAINT  =         0.0000
 EKCMT  =      6378.2646  VIRIAL  =      7221.9912  VOLUME     =    219840.4800
                                                    Density    =         0.9843
 ------------------------------------------------------------------------------

check COM velocity, temp:        0.000007     0.00(Removed)

 NSTEP =    48000   TIME(PS) =     116.000  TEMP(K) =   299.73  PRESS =   -83.7
 Etot   =    -56014.5806  EKtot   =     12927.3252  EPtot      =    -68941.9058
 BOND   =         2.2226  ANGLE   =         3.0541  DIHED      =         4.1502
 1-4 NB =         2.9028  1-4 EEL =        -1.1069  VDWAALS    =     10222.3510
 EELEC  =    -79175.4796  EHBOND  =         0.0000  RESTRAINT  =         0.0000
 EKCMT  =      6525.5834  VIRIAL  =      6923.6385  VOLUME     =    220165.5409
                                                    Density    =         0.9828
 ------------------------------------------------------------------------------

check COM velocity, temp:        0.000003     0.00(Removed)

 NSTEP =    49000   TIME(PS) =     118.000  TEMP(K) =   300.31  PRESS =    41.9
 Etot   =    -55987.5047  EKtot   =     12952.4941  EPtot      =    -68939.9988
 BOND   =         2.5746  ANGLE   =        11.6271  DIHED      =         3.8819
 1-4 NB =         1.3663  1-4 EEL =        -2.1584  VDWAALS    =     10364.7471
 EELEC  =    -79322.0374  EHBOND  =         0.0000  RESTRAINT  =         0.0000
 EKCMT  =      6491.0492  VIRIAL  =      6292.0725  VOLUME     =    220164.4905
                                                    Density    =         0.9828
 ------------------------------------------------------------------------------

check COM velocity, temp:        0.000005     0.00(Removed)

 NSTEP =    50000   TIME(PS) =     120.000  TEMP(K) =   298.20  PRESS =  -165.7
 Etot   =    -56016.8034  EKtot   =     12861.3418  EPtot      =    -68878.1451
 BOND   =         1.1667  ANGLE   =         7.8257  DIHED      =         3.7555
 1-4 NB =         2.3288  1-4 EEL =        -1.1164  VDWAALS    =     10150.1365
 EELEC  =    -79042.2420  EHBOND  =         0.0000  RESTRAINT  =         0.0000
 EKCMT  =      6505.8636  VIRIAL  =      7292.7739  VOLUME     =    219980.3699
                                                    Density    =         0.9836
 ------------------------------------------------------------------------------


      A V E R A G E S   O V E R      50 S T E P S


 NSTEP =    50000   TIME(PS) =     120.000  TEMP(K) =   300.23  PRESS =  -120.4
 Etot   =    -55804.2582  EKtot   =     12948.7459  EPtot      =    -68753.0041
 BOND   =         1.8799  ANGLE   =         9.3906  DIHED      =         4.1435
 1-4 NB =         1.8665  1-4 EEL =        -1.9901  VDWAALS    =     10235.1088
 EELEC  =    -79003.4033  EHBOND  =         0.0000  RESTRAINT  =         0.0000
 EKCMT  =      6502.1749  VIRIAL  =      7122.3574  VOLUME     =    225463.0111
                                                    Density    =         0.9620
 ------------------------------------------------------------------------------


      R M S  F L U C T U A T I O N S


 NSTEP =    50000   TIME(PS) =     120.000  TEMP(K) =     1.75  PRESS =   193.1
 Etot   =       384.0889  EKtot   =        75.3228  EPtot      =       384.7617
 BOND   =         0.9539  ANGLE   =         2.1632  DIHED      =         1.0296
 1-4 NB =         0.5429  1-4 EEL =         0.9004  VDWAALS    =       132.6512
 EELEC  =       467.1407  EHBOND  =         0.0000  RESTRAINT  =         0.0000
 EKCMT  =        58.0112  VIRIAL  =      1004.0421  VOLUME     =     11631.6800
                                                    Density    =         0.0447
 ------------------------------------------------------------------------------

--------------------------------------------------------------------------------
   5.  TIMINGS
--------------------------------------------------------------------------------

|  NonSetup CPU Time in Major Routines, Average for All Tasks:
|
|     Routine           Sec        %
|     ------------------------------
|     DataDistrib       0.12    0.27
|     Nonbond          36.56   87.01
|     Bond              0.00    0.00
|     Angle             0.00    0.00
|     Dihedral          0.00    0.00
|     Shake             0.54    1.29
|     RunMD             4.70   11.18
|     Other             0.10    0.25
|     ------------------------------
|     Total            42.02

|  PME Nonbond Pairlist CPU Time, Average for All Tasks:
|
|     Routine              Sec        %
|     ---------------------------------
|     Set Up Cit           0.00    0.00
|     Build List           0.00    0.00
|     ---------------------------------
|     Total                0.00    0.00

|  PME Direct Force CPU Time, Average for All Tasks:
|
|     Routine              Sec        %
|     ---------------------------------
|     NonBonded Calc       0.00    0.00
|     Exclude Masked       0.00    0.00
|     Other                0.06    0.14
|     ---------------------------------
|     Total                0.06    0.14

|  PME Reciprocal Force CPU Time, Average for All Tasks:
|
|     Routine              Sec        %
|     ---------------------------------
|     1D bspline           0.00    0.00
|     Grid Charges         0.00    0.00
|     Scalar Sum           0.00    0.00
|     Gradient Sum         0.00    0.00
|     FFT                  0.00    0.00
|     ---------------------------------
|     Total                0.00    0.00

|  PME Load Balancing CPU Time, Average for All Tasks:
|
|     Routine                 Sec        %
|     ------------------------------------
|     Atom Reassign           0.00    0.00
|     Image Reassign          0.00    0.00
|     FFT Reassign            0.00    0.00
|     ------------------------------------
|     Total                   0.00    0.00

|  Final Performance Info:
|     -----------------------------------------------------
|     Average timings for last   49000 steps:
|     Elapsed(s) =      41.84 Per Step(ms) =       0.85
|         ns/day =     202.35   seconds/ns =     426.99
|
|     Average timings for all steps:
|     Elapsed(s) =      42.89 Per Step(ms) =       0.86
|         ns/day =     201.43   seconds/ns =     428.92
|     -----------------------------------------------------

|  Master Setup CPU time:            0.92 seconds
|  Master NonSetup CPU time:        42.02 seconds
|  Master Total CPU time:           42.94 seconds     0.01 hours

|  Master Setup wall time:           1    seconds
|  Master NonSetup wall time:       43    seconds
|  Master Total wall time:          44    seconds     0.01 hours
